<?xml version="1.0" encoding="UTF-8"?>
<testng-results ignored="0" total="1" passed="1" failed="0" skipped="0">
  <reporter-output>
  </reporter-output>
  <suite started-at="2024-01-30T09:35:30 IST" name="Default suite" finished-at="2024-01-30T09:36:37 IST" duration-ms="67849">
    <groups>
    </groups>
    <test started-at="2024-01-30T09:35:30 IST" name="Default test" finished-at="2024-01-30T09:36:37 IST" duration-ms="67849">
      <class name="WebTest.RedBusBooking">
        <test-method is-config="true" signature="beforeTest()[pri:0, instance:WebTest.RedBusBooking@72035809]" started-at="2024-01-30T09:35:30 IST" name="beforeTest" finished-at="2024-01-30T09:35:35 IST" duration-ms="5673" status="PASS">
          <reporter-output>
          </reporter-output>
        </test-method> <!-- beforeTest -->
        <test-method signature="placeTest()[pri:0, instance:WebTest.RedBusBooking@72035809]" started-at="2024-01-30T09:35:35 IST" name="placeTest" finished-at="2024-01-30T09:36:37 IST" duration-ms="61987" status="PASS">
          <reporter-output>
          </reporter-output>
        </test-method> <!-- placeTest -->
        <test-method is-config="true" signature="afterTest()[pri:0, instance:WebTest.RedBusBooking@72035809]" started-at="2024-01-30T09:36:37 IST" name="afterTest" finished-at="2024-01-30T09:36:37 IST" duration-ms="152" status="PASS">
          <reporter-output>
          </reporter-output>
        </test-method> <!-- afterTest -->
      </class> <!-- WebTest.RedBusBooking -->
    </test> <!-- Default test -->
  </suite> <!-- Default suite -->
</testng-results>
