<?xml version="1.0" encoding="UTF-8"?>
<!-- Generated by org.testng.reporters.JUnitReportReporter -->
<testsuite hostname="TYSS-Varun" failures="0" tests="1000" name="APITesting.G_PostingUsingDataProvider" time="13.840" errors="0" timestamp="2024-01-05T16:17:01 IST" skipped="0">
  <testcase classname="APITesting.G_PostingUsingDataProvider" name="postingDataprovider" time="0.010"/>
  <system-out/>
  <testcase classname="APITesting.G_PostingUsingDataProvider" name="postingDataprovider" time="0.011"/>
  <system-out/>
  <testcase classname="APITesting.G_PostingUsingDataProvider" name="postingDataprovider" time="0.010"/>
  <system-out/>
  <testcase classname="APITesting.G_PostingUsingDataProvider" name="postingDataprovider" time="0.012"/>
  <system-out/>
  <testcase classname="APITesting.G_PostingUsingDataProvider" name="postingDataprovider" time="0.011"/>
  <system-out/>
  <testcase classname="APITesting.G_PostingUsingDataProvider" name="postingDataprovider" time="0.010"/>
  <system-out/>
  <testcase classname="APITesting.G_PostingUsingDataProvider" name="postingDataprovider" time="0.013"/>
  <system-out/>
  <testcase classname="APITesting.G_PostingUsingDataProvider" name="postingDataprovider" time="0.017"/>
  <system-out/>
  <testcase classname="APITesting.G_PostingUsingDataProvider" name="postingDataprovider" time="0.008"/>
  <system-out/>
  <testcase classname="APITesting.G_PostingUsingDataProvider" name="postingDataprovider" time="0.010"/>
  <system-out/>
  <testcase classname="APITesting.G_PostingUsingDataProvider" name="postingDataprovider" time="0.011"/>
  <system-out/>
  <testcase classname="APITesting.G_PostingUsingDataProvider" name="postingDataprovider" time="0.009"/>
  <system-out/>
  <testcase classname="APITesting.G_PostingUsingDataProvider" name="postingDataprovider" time="0.016"/>
  <system-out/>
  <testcase classname="APITesting.G_PostingUsingDataProvider" name="postingDataprovider" time="0.013"/>
  <system-out/>
  <testcase classname="APITesting.G_PostingUsingDataProvider" name="postingDataprovider" time="0.010"/>
  <system-out/>
  <testcase classname="APITesting.G_PostingUsingDataProvider" name="postingDataprovider" time="0.012"/>
  <system-out/>
  <testcase classname="APITesting.G_PostingUsingDataProvider" name="postingDataprovider" time="0.009"/>
  <system-out/>
  <testcase classname="APITesting.G_PostingUsingDataProvider" name="postingDataprovider" time="0.012"/>
  <system-out/>
  <testcase classname="APITesting.G_PostingUsingDataProvider" name="postingDataprovider" time="0.010"/>
  <system-out/>
  <testcase classname="APITesting.G_PostingUsingDataProvider" name="postingDataprovider" time="0.016"/>
  <system-out/>
  <testcase classname="APITesting.G_PostingUsingDataProvider" name="postingDataprovider" time="0.012"/>
  <system-out/>
  <testcase classname="APITesting.G_PostingUsingDataProvider" name="postingDataprovider" time="0.015"/>
  <system-out/>
  <testcase classname="APITesting.G_PostingUsingDataProvider" name="postingDataprovider" time="0.010"/>
  <system-out/>
  <testcase classname="APITesting.G_PostingUsingDataProvider" name="postingDataprovider" time="0.012"/>
  <system-out/>
  <testcase classname="APITesting.G_PostingUsingDataProvider" name="postingDataprovider" time="0.013"/>
  <system-out/>
  <testcase classname="APITesting.G_PostingUsingDataProvider" name="postingDataprovider" time="0.013"/>
  <system-out/>
  <testcase classname="APITesting.G_PostingUsingDataProvider" name="postingDataprovider" time="0.009"/>
  <system-out/>
  <testcase classname="APITesting.G_PostingUsingDataProvider" name="postingDataprovider" time="0.010"/>
  <system-out/>
  <testcase classname="APITesting.G_PostingUsingDataProvider" name="postingDataprovider" time="0.011"/>
  <system-out/>
  <testcase classname="APITesting.G_PostingUsingDataProvider" name="postingDataprovider" time="0.019"/>
  <system-out/>
  <testcase classname="APITesting.G_PostingUsingDataProvider" name="postingDataprovider" time="0.015"/>
  <system-out/>
  <testcase classname="APITesting.G_PostingUsingDataProvider" name="postingDataprovider" time="0.013"/>
  <system-out/>
  <testcase classname="APITesting.G_PostingUsingDataProvider" name="postingDataprovider" time="0.013"/>
  <system-out/>
  <testcase classname="APITesting.G_PostingUsingDataProvider" name="postingDataprovider" time="0.016"/>
  <system-out/>
  <testcase classname="APITesting.G_PostingUsingDataProvider" name="postingDataprovider" time="0.010"/>
  <system-out/>
  <testcase classname="APITesting.G_PostingUsingDataProvider" name="postingDataprovider" time="0.017"/>
  <system-out/>
  <testcase classname="APITesting.G_PostingUsingDataProvider" name="postingDataprovider" time="0.010"/>
  <system-out/>
  <testcase classname="APITesting.G_PostingUsingDataProvider" name="postingDataprovider" time="0.011"/>
  <system-out/>
  <testcase classname="APITesting.G_PostingUsingDataProvider" name="postingDataprovider" time="0.010"/>
  <system-out/>
  <testcase classname="APITesting.G_PostingUsingDataProvider" name="postingDataprovider" time="0.008"/>
  <system-out/>
  <testcase classname="APITesting.G_PostingUsingDataProvider" name="postingDataprovider" time="0.009"/>
  <system-out/>
  <testcase classname="APITesting.G_PostingUsingDataProvider" name="postingDataprovider" time="0.012"/>
  <system-out/>
  <testcase classname="APITesting.G_PostingUsingDataProvider" name="postingDataprovider" time="0.018"/>
  <system-out/>
  <testcase classname="APITesting.G_PostingUsingDataProvider" name="postingDataprovider" time="0.022"/>
  <system-out/>
  <testcase classname="APITesting.G_PostingUsingDataProvider" name="postingDataprovider" time="0.007"/>
  <system-out/>
  <testcase classname="APITesting.G_PostingUsingDataProvider" name="postingDataprovider" time="0.009"/>
  <system-out/>
  <testcase classname="APITesting.G_PostingUsingDataProvider" name="postingDataprovider" time="0.014"/>
  <system-out/>
  <testcase classname="APITesting.G_PostingUsingDataProvider" name="postingDataprovider" time="0.020"/>
  <system-out/>
  <testcase classname="APITesting.G_PostingUsingDataProvider" name="postingDataprovider" time="0.014"/>
  <system-out/>
  <testcase classname="APITesting.G_PostingUsingDataProvider" name="postingDataprovider" time="0.010"/>
  <system-out/>
  <testcase classname="APITesting.G_PostingUsingDataProvider" name="postingDataprovider" time="0.038"/>
  <system-out/>
  <testcase classname="APITesting.G_PostingUsingDataProvider" name="postingDataprovider" time="0.011"/>
  <system-out/>
  <testcase classname="APITesting.G_PostingUsingDataProvider" name="postingDataprovider" time="0.013"/>
  <system-out/>
  <testcase classname="APITesting.G_PostingUsingDataProvider" name="postingDataprovider" time="0.011"/>
  <system-out/>
  <testcase classname="APITesting.G_PostingUsingDataProvider" name="postingDataprovider" time="0.013"/>
  <system-out/>
  <testcase classname="APITesting.G_PostingUsingDataProvider" name="postingDataprovider" time="0.009"/>
  <system-out/>
  <testcase classname="APITesting.G_PostingUsingDataProvider" name="postingDataprovider" time="0.011"/>
  <system-out/>
  <testcase classname="APITesting.G_PostingUsingDataProvider" name="postingDataprovider" time="0.009"/>
  <system-out/>
  <testcase classname="APITesting.G_PostingUsingDataProvider" name="postingDataprovider" time="0.011"/>
  <system-out/>
  <testcase classname="APITesting.G_PostingUsingDataProvider" name="postingDataprovider" time="0.011"/>
  <system-out/>
  <testcase classname="APITesting.G_PostingUsingDataProvider" name="postingDataprovider" time="0.013"/>
  <system-out/>
  <testcase classname="APITesting.G_PostingUsingDataProvider" name="postingDataprovider" time="0.011"/>
  <system-out/>
  <testcase classname="APITesting.G_PostingUsingDataProvider" name="postingDataprovider" time="0.013"/>
  <system-out/>
  <testcase classname="APITesting.G_PostingUsingDataProvider" name="postingDataprovider" time="0.008"/>
  <system-out/>
  <testcase classname="APITesting.G_PostingUsingDataProvider" name="postingDataprovider" time="0.016"/>
  <system-out/>
  <testcase classname="APITesting.G_PostingUsingDataProvider" name="postingDataprovider" time="0.012"/>
  <system-out/>
  <testcase classname="APITesting.G_PostingUsingDataProvider" name="postingDataprovider" time="0.013"/>
  <system-out/>
  <testcase classname="APITesting.G_PostingUsingDataProvider" name="postingDataprovider" time="0.011"/>
  <system-out/>
  <testcase classname="APITesting.G_PostingUsingDataProvider" name="postingDataprovider" time="0.010"/>
  <system-out/>
  <testcase classname="APITesting.G_PostingUsingDataProvider" name="postingDataprovider" time="0.013"/>
  <system-out/>
  <testcase classname="APITesting.G_PostingUsingDataProvider" name="postingDataprovider" time="0.018"/>
  <system-out/>
  <testcase classname="APITesting.G_PostingUsingDataProvider" name="postingDataprovider" time="0.011"/>
  <system-out/>
  <testcase classname="APITesting.G_PostingUsingDataProvider" name="postingDataprovider" time="0.010"/>
  <system-out/>
  <testcase classname="APITesting.G_PostingUsingDataProvider" name="postingDataprovider" time="0.012"/>
  <system-out/>
  <testcase classname="APITesting.G_PostingUsingDataProvider" name="postingDataprovider" time="0.016"/>
  <system-out/>
  <testcase classname="APITesting.G_PostingUsingDataProvider" name="postingDataprovider" time="0.013"/>
  <system-out/>
  <testcase classname="APITesting.G_PostingUsingDataProvider" name="postingDataprovider" time="0.010"/>
  <system-out/>
  <testcase classname="APITesting.G_PostingUsingDataProvider" name="postingDataprovider" time="0.010"/>
  <system-out/>
  <testcase classname="APITesting.G_PostingUsingDataProvider" name="postingDataprovider" time="0.014"/>
  <system-out/>
  <testcase classname="APITesting.G_PostingUsingDataProvider" name="postingDataprovider" time="0.018"/>
  <system-out/>
  <testcase classname="APITesting.G_PostingUsingDataProvider" name="postingDataprovider" time="0.011"/>
  <system-out/>
  <testcase classname="APITesting.G_PostingUsingDataProvider" name="postingDataprovider" time="0.010"/>
  <system-out/>
  <testcase classname="APITesting.G_PostingUsingDataProvider" name="postingDataprovider" time="0.012"/>
  <system-out/>
  <testcase classname="APITesting.G_PostingUsingDataProvider" name="postingDataprovider" time="0.010"/>
  <system-out/>
  <testcase classname="APITesting.G_PostingUsingDataProvider" name="postingDataprovider" time="0.012"/>
  <system-out/>
  <testcase classname="APITesting.G_PostingUsingDataProvider" name="postingDataprovider" time="0.012"/>
  <system-out/>
  <testcase classname="APITesting.G_PostingUsingDataProvider" name="postingDataprovider" time="0.016"/>
  <system-out/>
  <testcase classname="APITesting.G_PostingUsingDataProvider" name="postingDataprovider" time="0.014"/>
  <system-out/>
  <testcase classname="APITesting.G_PostingUsingDataProvider" name="postingDataprovider" time="0.013"/>
  <system-out/>
  <testcase classname="APITesting.G_PostingUsingDataProvider" name="postingDataprovider" time="0.010"/>
  <system-out/>
  <testcase classname="APITesting.G_PostingUsingDataProvider" name="postingDataprovider" time="0.014"/>
  <system-out/>
  <testcase classname="APITesting.G_PostingUsingDataProvider" name="postingDataprovider" time="0.012"/>
  <system-out/>
  <testcase classname="APITesting.G_PostingUsingDataProvider" name="postingDataprovider" time="0.011"/>
  <system-out/>
  <testcase classname="APITesting.G_PostingUsingDataProvider" name="postingDataprovider" time="0.012"/>
  <system-out/>
  <testcase classname="APITesting.G_PostingUsingDataProvider" name="postingDataprovider" time="0.012"/>
  <system-out/>
  <testcase classname="APITesting.G_PostingUsingDataProvider" name="postingDataprovider" time="0.014"/>
  <system-out/>
  <testcase classname="APITesting.G_PostingUsingDataProvider" name="postingDataprovider" time="0.012"/>
  <system-out/>
  <testcase classname="APITesting.G_PostingUsingDataProvider" name="postingDataprovider" time="0.011"/>
  <system-out/>
  <testcase classname="APITesting.G_PostingUsingDataProvider" name="postingDataprovider" time="0.012"/>
  <system-out/>
  <testcase classname="APITesting.G_PostingUsingDataProvider" name="postingDataprovider" time="0.008"/>
  <system-out/>
  <testcase classname="APITesting.G_PostingUsingDataProvider" name="postingDataprovider" time="0.012"/>
  <system-out/>
  <testcase classname="APITesting.G_PostingUsingDataProvider" name="postingDataprovider" time="0.013"/>
  <system-out/>
  <testcase classname="APITesting.G_PostingUsingDataProvider" name="postingDataprovider" time="0.012"/>
  <system-out/>
  <testcase classname="APITesting.G_PostingUsingDataProvider" name="postingDataprovider" time="0.010"/>
  <system-out/>
  <testcase classname="APITesting.G_PostingUsingDataProvider" name="postingDataprovider" time="0.013"/>
  <system-out/>
  <testcase classname="APITesting.G_PostingUsingDataProvider" name="postingDataprovider" time="0.008"/>
  <system-out/>
  <testcase classname="APITesting.G_PostingUsingDataProvider" name="postingDataprovider" time="0.010"/>
  <system-out/>
  <testcase classname="APITesting.G_PostingUsingDataProvider" name="postingDataprovider" time="0.014"/>
  <system-out/>
  <testcase classname="APITesting.G_PostingUsingDataProvider" name="postingDataprovider" time="0.011"/>
  <system-out/>
  <testcase classname="APITesting.G_PostingUsingDataProvider" name="postingDataprovider" time="0.012"/>
  <system-out/>
  <testcase classname="APITesting.G_PostingUsingDataProvider" name="postingDataprovider" time="0.017"/>
  <system-out/>
  <testcase classname="APITesting.G_PostingUsingDataProvider" name="postingDataprovider" time="0.014"/>
  <system-out/>
  <testcase classname="APITesting.G_PostingUsingDataProvider" name="postingDataprovider" time="0.010"/>
  <system-out/>
  <testcase classname="APITesting.G_PostingUsingDataProvider" name="postingDataprovider" time="0.011"/>
  <system-out/>
  <testcase classname="APITesting.G_PostingUsingDataProvider" name="postingDataprovider" time="0.010"/>
  <system-out/>
  <testcase classname="APITesting.G_PostingUsingDataProvider" name="postingDataprovider" time="0.009"/>
  <system-out/>
  <testcase classname="APITesting.G_PostingUsingDataProvider" name="postingDataprovider" time="0.014"/>
  <system-out/>
  <testcase classname="APITesting.G_PostingUsingDataProvider" name="postingDataprovider" time="0.009"/>
  <system-out/>
  <testcase classname="APITesting.G_PostingUsingDataProvider" name="postingDataprovider" time="0.010"/>
  <system-out/>
  <testcase classname="APITesting.G_PostingUsingDataProvider" name="postingDataprovider" time="0.013"/>
  <system-out/>
  <testcase classname="APITesting.G_PostingUsingDataProvider" name="postingDataprovider" time="0.030"/>
  <system-out/>
  <testcase classname="APITesting.G_PostingUsingDataProvider" name="postingDataprovider" time="0.010"/>
  <system-out/>
  <testcase classname="APITesting.G_PostingUsingDataProvider" name="postingDataprovider" time="0.010"/>
  <system-out/>
  <testcase classname="APITesting.G_PostingUsingDataProvider" name="postingDataprovider" time="0.011"/>
  <system-out/>
  <testcase classname="APITesting.G_PostingUsingDataProvider" name="postingDataprovider" time="0.009"/>
  <system-out/>
  <testcase classname="APITesting.G_PostingUsingDataProvider" name="postingDataprovider" time="0.025"/>
  <system-out/>
  <testcase classname="APITesting.G_PostingUsingDataProvider" name="postingDataprovider" time="0.010"/>
  <system-out/>
  <testcase classname="APITesting.G_PostingUsingDataProvider" name="postingDataprovider" time="0.013"/>
  <system-out/>
  <testcase classname="APITesting.G_PostingUsingDataProvider" name="postingDataprovider" time="0.015"/>
  <system-out/>
  <testcase classname="APITesting.G_PostingUsingDataProvider" name="postingDataprovider" time="0.010"/>
  <system-out/>
  <testcase classname="APITesting.G_PostingUsingDataProvider" name="postingDataprovider" time="0.012"/>
  <system-out/>
  <testcase classname="APITesting.G_PostingUsingDataProvider" name="postingDataprovider" time="0.009"/>
  <system-out/>
  <testcase classname="APITesting.G_PostingUsingDataProvider" name="postingDataprovider" time="0.011"/>
  <system-out/>
  <testcase classname="APITesting.G_PostingUsingDataProvider" name="postingDataprovider" time="0.011"/>
  <system-out/>
  <testcase classname="APITesting.G_PostingUsingDataProvider" name="postingDataprovider" time="0.015"/>
  <system-out/>
  <testcase classname="APITesting.G_PostingUsingDataProvider" name="postingDataprovider" time="0.011"/>
  <system-out/>
  <testcase classname="APITesting.G_PostingUsingDataProvider" name="postingDataprovider" time="0.018"/>
  <system-out/>
  <testcase classname="APITesting.G_PostingUsingDataProvider" name="postingDataprovider" time="0.008"/>
  <system-out/>
  <testcase classname="APITesting.G_PostingUsingDataProvider" name="postingDataprovider" time="0.009"/>
  <system-out/>
  <testcase classname="APITesting.G_PostingUsingDataProvider" name="postingDataprovider" time="0.011"/>
  <system-out/>
  <testcase classname="APITesting.G_PostingUsingDataProvider" name="postingDataprovider" time="0.010"/>
  <system-out/>
  <testcase classname="APITesting.G_PostingUsingDataProvider" name="postingDataprovider" time="0.011"/>
  <system-out/>
  <testcase classname="APITesting.G_PostingUsingDataProvider" name="postingDataprovider" time="0.012"/>
  <system-out/>
  <testcase classname="APITesting.G_PostingUsingDataProvider" name="postingDataprovider" time="0.016"/>
  <system-out/>
  <testcase classname="APITesting.G_PostingUsingDataProvider" name="postingDataprovider" time="0.010"/>
  <system-out/>
  <testcase classname="APITesting.G_PostingUsingDataProvider" name="postingDataprovider" time="0.010"/>
  <system-out/>
  <testcase classname="APITesting.G_PostingUsingDataProvider" name="postingDataprovider" time="0.013"/>
  <system-out/>
  <testcase classname="APITesting.G_PostingUsingDataProvider" name="postingDataprovider" time="0.019"/>
  <system-out/>
  <testcase classname="APITesting.G_PostingUsingDataProvider" name="postingDataprovider" time="0.011"/>
  <system-out/>
  <testcase classname="APITesting.G_PostingUsingDataProvider" name="postingDataprovider" time="0.014"/>
  <system-out/>
  <testcase classname="APITesting.G_PostingUsingDataProvider" name="postingDataprovider" time="0.011"/>
  <system-out/>
  <testcase classname="APITesting.G_PostingUsingDataProvider" name="postingDataprovider" time="0.013"/>
  <system-out/>
  <testcase classname="APITesting.G_PostingUsingDataProvider" name="postingDataprovider" time="0.011"/>
  <system-out/>
  <testcase classname="APITesting.G_PostingUsingDataProvider" name="postingDataprovider" time="0.010"/>
  <system-out/>
  <testcase classname="APITesting.G_PostingUsingDataProvider" name="postingDataprovider" time="0.014"/>
  <system-out/>
  <testcase classname="APITesting.G_PostingUsingDataProvider" name="postingDataprovider" time="0.014"/>
  <system-out/>
  <testcase classname="APITesting.G_PostingUsingDataProvider" name="postingDataprovider" time="0.008"/>
  <system-out/>
  <testcase classname="APITesting.G_PostingUsingDataProvider" name="postingDataprovider" time="0.009"/>
  <system-out/>
  <testcase classname="APITesting.G_PostingUsingDataProvider" name="postingDataprovider" time="0.010"/>
  <system-out/>
  <testcase classname="APITesting.G_PostingUsingDataProvider" name="postingDataprovider" time="0.012"/>
  <system-out/>
  <testcase classname="APITesting.G_PostingUsingDataProvider" name="postingDataprovider" time="0.014"/>
  <system-out/>
  <testcase classname="APITesting.G_PostingUsingDataProvider" name="postingDataprovider" time="0.012"/>
  <system-out/>
  <testcase classname="APITesting.G_PostingUsingDataProvider" name="postingDataprovider" time="0.010"/>
  <system-out/>
  <testcase classname="APITesting.G_PostingUsingDataProvider" name="postingDataprovider" time="0.011"/>
  <system-out/>
  <testcase classname="APITesting.G_PostingUsingDataProvider" name="postingDataprovider" time="0.018"/>
  <system-out/>
  <testcase classname="APITesting.G_PostingUsingDataProvider" name="postingDataprovider" time="0.018"/>
  <system-out/>
  <testcase classname="APITesting.G_PostingUsingDataProvider" name="postingDataprovider" time="0.010"/>
  <system-out/>
  <testcase classname="APITesting.G_PostingUsingDataProvider" name="postingDataprovider" time="0.014"/>
  <system-out/>
  <testcase classname="APITesting.G_PostingUsingDataProvider" name="postingDataprovider" time="0.014"/>
  <system-out/>
  <testcase classname="APITesting.G_PostingUsingDataProvider" name="postingDataprovider" time="0.013"/>
  <system-out/>
  <testcase classname="APITesting.G_PostingUsingDataProvider" name="postingDataprovider" time="0.014"/>
  <system-out/>
  <testcase classname="APITesting.G_PostingUsingDataProvider" name="postingDataprovider" time="0.012"/>
  <system-out/>
  <testcase classname="APITesting.G_PostingUsingDataProvider" name="postingDataprovider" time="0.014"/>
  <system-out/>
  <testcase classname="APITesting.G_PostingUsingDataProvider" name="postingDataprovider" time="0.010"/>
  <system-out/>
  <testcase classname="APITesting.G_PostingUsingDataProvider" name="postingDataprovider" time="0.008"/>
  <system-out/>
  <testcase classname="APITesting.G_PostingUsingDataProvider" name="postingDataprovider" time="0.017"/>
  <system-out/>
  <testcase classname="APITesting.G_PostingUsingDataProvider" name="postingDataprovider" time="0.015"/>
  <system-out/>
  <testcase classname="APITesting.G_PostingUsingDataProvider" name="postingDataprovider" time="0.018"/>
  <system-out/>
  <testcase classname="APITesting.G_PostingUsingDataProvider" name="postingDataprovider" time="0.010"/>
  <system-out/>
  <testcase classname="APITesting.G_PostingUsingDataProvider" name="postingDataprovider" time="0.009"/>
  <system-out/>
  <testcase classname="APITesting.G_PostingUsingDataProvider" name="postingDataprovider" time="0.013"/>
  <system-out/>
  <testcase classname="APITesting.G_PostingUsingDataProvider" name="postingDataprovider" time="0.019"/>
  <system-out/>
  <testcase classname="APITesting.G_PostingUsingDataProvider" name="postingDataprovider" time="0.016"/>
  <system-out/>
  <testcase classname="APITesting.G_PostingUsingDataProvider" name="postingDataprovider" time="0.020"/>
  <system-out/>
  <testcase classname="APITesting.G_PostingUsingDataProvider" name="postingDataprovider" time="0.015"/>
  <system-out/>
  <testcase classname="APITesting.G_PostingUsingDataProvider" name="postingDataprovider" time="0.011"/>
  <system-out/>
  <testcase classname="APITesting.G_PostingUsingDataProvider" name="postingDataprovider" time="0.010"/>
  <system-out/>
  <testcase classname="APITesting.G_PostingUsingDataProvider" name="postingDataprovider" time="0.011"/>
  <system-out/>
  <testcase classname="APITesting.G_PostingUsingDataProvider" name="postingDataprovider" time="0.011"/>
  <system-out/>
  <testcase classname="APITesting.G_PostingUsingDataProvider" name="postingDataprovider" time="0.012"/>
  <system-out/>
  <testcase classname="APITesting.G_PostingUsingDataProvider" name="postingDataprovider" time="0.011"/>
  <system-out/>
  <testcase classname="APITesting.G_PostingUsingDataProvider" name="postingDataprovider" time="0.011"/>
  <system-out/>
  <testcase classname="APITesting.G_PostingUsingDataProvider" name="postingDataprovider" time="0.017"/>
  <system-out/>
  <testcase classname="APITesting.G_PostingUsingDataProvider" name="postingDataprovider" time="0.011"/>
  <system-out/>
  <testcase classname="APITesting.G_PostingUsingDataProvider" name="postingDataprovider" time="0.010"/>
  <system-out/>
  <testcase classname="APITesting.G_PostingUsingDataProvider" name="postingDataprovider" time="0.010"/>
  <system-out/>
  <testcase classname="APITesting.G_PostingUsingDataProvider" name="postingDataprovider" time="0.013"/>
  <system-out/>
  <testcase classname="APITesting.G_PostingUsingDataProvider" name="postingDataprovider" time="0.015"/>
  <system-out/>
  <testcase classname="APITesting.G_PostingUsingDataProvider" name="postingDataprovider" time="0.011"/>
  <system-out/>
  <testcase classname="APITesting.G_PostingUsingDataProvider" name="postingDataprovider" time="0.011"/>
  <system-out/>
  <testcase classname="APITesting.G_PostingUsingDataProvider" name="postingDataprovider" time="0.009"/>
  <system-out/>
  <testcase classname="APITesting.G_PostingUsingDataProvider" name="postingDataprovider" time="0.016"/>
  <system-out/>
  <testcase classname="APITesting.G_PostingUsingDataProvider" name="postingDataprovider" time="0.012"/>
  <system-out/>
  <testcase classname="APITesting.G_PostingUsingDataProvider" name="postingDataprovider" time="0.011"/>
  <system-out/>
  <testcase classname="APITesting.G_PostingUsingDataProvider" name="postingDataprovider" time="0.013"/>
  <system-out/>
  <testcase classname="APITesting.G_PostingUsingDataProvider" name="postingDataprovider" time="0.011"/>
  <system-out/>
  <testcase classname="APITesting.G_PostingUsingDataProvider" name="postingDataprovider" time="0.011"/>
  <system-out/>
  <testcase classname="APITesting.G_PostingUsingDataProvider" name="postingDataprovider" time="0.017"/>
  <system-out/>
  <testcase classname="APITesting.G_PostingUsingDataProvider" name="postingDataprovider" time="0.011"/>
  <system-out/>
  <testcase classname="APITesting.G_PostingUsingDataProvider" name="postingDataprovider" time="0.016"/>
  <system-out/>
  <testcase classname="APITesting.G_PostingUsingDataProvider" name="postingDataprovider" time="0.008"/>
  <system-out/>
  <testcase classname="APITesting.G_PostingUsingDataProvider" name="postingDataprovider" time="0.013"/>
  <system-out/>
  <testcase classname="APITesting.G_PostingUsingDataProvider" name="postingDataprovider" time="0.013"/>
  <system-out/>
  <testcase classname="APITesting.G_PostingUsingDataProvider" name="postingDataprovider" time="0.014"/>
  <system-out/>
  <testcase classname="APITesting.G_PostingUsingDataProvider" name="postingDataprovider" time="0.012"/>
  <system-out/>
  <testcase classname="APITesting.G_PostingUsingDataProvider" name="postingDataprovider" time="0.010"/>
  <system-out/>
  <testcase classname="APITesting.G_PostingUsingDataProvider" name="postingDataprovider" time="0.023"/>
  <system-out/>
  <testcase classname="APITesting.G_PostingUsingDataProvider" name="postingDataprovider" time="0.010"/>
  <system-out/>
  <testcase classname="APITesting.G_PostingUsingDataProvider" name="postingDataprovider" time="0.009"/>
  <system-out/>
  <testcase classname="APITesting.G_PostingUsingDataProvider" name="postingDataprovider" time="0.016"/>
  <system-out/>
  <testcase classname="APITesting.G_PostingUsingDataProvider" name="postingDataprovider" time="0.010"/>
  <system-out/>
  <testcase classname="APITesting.G_PostingUsingDataProvider" name="postingDataprovider" time="0.008"/>
  <system-out/>
  <testcase classname="APITesting.G_PostingUsingDataProvider" name="postingDataprovider" time="0.021"/>
  <system-out/>
  <testcase classname="APITesting.G_PostingUsingDataProvider" name="postingDataprovider" time="0.014"/>
  <system-out/>
  <testcase classname="APITesting.G_PostingUsingDataProvider" name="postingDataprovider" time="0.025"/>
  <system-out/>
  <testcase classname="APITesting.G_PostingUsingDataProvider" name="postingDataprovider" time="0.010"/>
  <system-out/>
  <testcase classname="APITesting.G_PostingUsingDataProvider" name="postingDataprovider" time="0.010"/>
  <system-out/>
  <testcase classname="APITesting.G_PostingUsingDataProvider" name="postingDataprovider" time="0.008"/>
  <system-out/>
  <testcase classname="APITesting.G_PostingUsingDataProvider" name="postingDataprovider" time="0.011"/>
  <system-out/>
  <testcase classname="APITesting.G_PostingUsingDataProvider" name="postingDataprovider" time="0.015"/>
  <system-out/>
  <testcase classname="APITesting.G_PostingUsingDataProvider" name="postingDataprovider" time="0.017"/>
  <system-out/>
  <testcase classname="APITesting.G_PostingUsingDataProvider" name="postingDataprovider" time="0.013"/>
  <system-out/>
  <testcase classname="APITesting.G_PostingUsingDataProvider" name="postingDataprovider" time="0.009"/>
  <system-out/>
  <testcase classname="APITesting.G_PostingUsingDataProvider" name="postingDataprovider" time="0.010"/>
  <system-out/>
  <testcase classname="APITesting.G_PostingUsingDataProvider" name="postingDataprovider" time="0.009"/>
  <system-out/>
  <testcase classname="APITesting.G_PostingUsingDataProvider" name="postingDataprovider" time="0.010"/>
  <system-out/>
  <testcase classname="APITesting.G_PostingUsingDataProvider" name="postingDataprovider" time="0.016"/>
  <system-out/>
  <testcase classname="APITesting.G_PostingUsingDataProvider" name="postingDataprovider" time="0.015"/>
  <system-out/>
  <testcase classname="APITesting.G_PostingUsingDataProvider" name="postingDataprovider" time="0.015"/>
  <system-out/>
  <testcase classname="APITesting.G_PostingUsingDataProvider" name="postingDataprovider" time="0.012"/>
  <system-out/>
  <testcase classname="APITesting.G_PostingUsingDataProvider" name="postingDataprovider" time="0.012"/>
  <system-out/>
  <testcase classname="APITesting.G_PostingUsingDataProvider" name="postingDataprovider" time="0.012"/>
  <system-out/>
  <testcase classname="APITesting.G_PostingUsingDataProvider" name="postingDataprovider" time="0.013"/>
  <system-out/>
  <testcase classname="APITesting.G_PostingUsingDataProvider" name="postingDataprovider" time="0.010"/>
  <system-out/>
  <testcase classname="APITesting.G_PostingUsingDataProvider" name="postingDataprovider" time="0.012"/>
  <system-out/>
  <testcase classname="APITesting.G_PostingUsingDataProvider" name="postingDataprovider" time="0.010"/>
  <system-out/>
  <testcase classname="APITesting.G_PostingUsingDataProvider" name="postingDataprovider" time="0.008"/>
  <system-out/>
  <testcase classname="APITesting.G_PostingUsingDataProvider" name="postingDataprovider" time="0.014"/>
  <system-out/>
  <testcase classname="APITesting.G_PostingUsingDataProvider" name="postingDataprovider" time="0.008"/>
  <system-out/>
  <testcase classname="APITesting.G_PostingUsingDataProvider" name="postingDataprovider" time="0.019"/>
  <system-out/>
  <testcase classname="APITesting.G_PostingUsingDataProvider" name="postingDataprovider" time="0.010"/>
  <system-out/>
  <testcase classname="APITesting.G_PostingUsingDataProvider" name="postingDataprovider" time="0.018"/>
  <system-out/>
  <testcase classname="APITesting.G_PostingUsingDataProvider" name="postingDataprovider" time="0.019"/>
  <system-out/>
  <testcase classname="APITesting.G_PostingUsingDataProvider" name="postingDataprovider" time="0.010"/>
  <system-out/>
  <testcase classname="APITesting.G_PostingUsingDataProvider" name="postingDataprovider" time="0.008"/>
  <system-out/>
  <testcase classname="APITesting.G_PostingUsingDataProvider" name="postingDataprovider" time="0.019"/>
  <system-out/>
  <testcase classname="APITesting.G_PostingUsingDataProvider" name="postingDataprovider" time="0.016"/>
  <system-out/>
  <testcase classname="APITesting.G_PostingUsingDataProvider" name="postingDataprovider" time="0.011"/>
  <system-out/>
  <testcase classname="APITesting.G_PostingUsingDataProvider" name="postingDataprovider" time="0.012"/>
  <system-out/>
  <testcase classname="APITesting.G_PostingUsingDataProvider" name="postingDataprovider" time="0.011"/>
  <system-out/>
  <testcase classname="APITesting.G_PostingUsingDataProvider" name="postingDataprovider" time="0.010"/>
  <system-out/>
  <testcase classname="APITesting.G_PostingUsingDataProvider" name="postingDataprovider" time="0.011"/>
  <system-out/>
  <testcase classname="APITesting.G_PostingUsingDataProvider" name="postingDataprovider" time="0.016"/>
  <system-out/>
  <testcase classname="APITesting.G_PostingUsingDataProvider" name="postingDataprovider" time="0.014"/>
  <system-out/>
  <testcase classname="APITesting.G_PostingUsingDataProvider" name="postingDataprovider" time="0.008"/>
  <system-out/>
  <testcase classname="APITesting.G_PostingUsingDataProvider" name="postingDataprovider" time="0.015"/>
  <system-out/>
  <testcase classname="APITesting.G_PostingUsingDataProvider" name="postingDataprovider" time="0.010"/>
  <system-out/>
  <testcase classname="APITesting.G_PostingUsingDataProvider" name="postingDataprovider" time="0.028"/>
  <system-out/>
  <testcase classname="APITesting.G_PostingUsingDataProvider" name="postingDataprovider" time="0.011"/>
  <system-out/>
  <testcase classname="APITesting.G_PostingUsingDataProvider" name="postingDataprovider" time="0.016"/>
  <system-out/>
  <testcase classname="APITesting.G_PostingUsingDataProvider" name="postingDataprovider" time="0.019"/>
  <system-out/>
  <testcase classname="APITesting.G_PostingUsingDataProvider" name="postingDataprovider" time="0.018"/>
  <system-out/>
  <testcase classname="APITesting.G_PostingUsingDataProvider" name="postingDataprovider" time="0.010"/>
  <system-out/>
  <testcase classname="APITesting.G_PostingUsingDataProvider" name="postingDataprovider" time="0.010"/>
  <system-out/>
  <testcase classname="APITesting.G_PostingUsingDataProvider" name="postingDataprovider" time="0.009"/>
  <system-out/>
  <testcase classname="APITesting.G_PostingUsingDataProvider" name="postingDataprovider" time="0.009"/>
  <system-out/>
  <testcase classname="APITesting.G_PostingUsingDataProvider" name="postingDataprovider" time="0.011"/>
  <system-out/>
  <testcase classname="APITesting.G_PostingUsingDataProvider" name="postingDataprovider" time="0.016"/>
  <system-out/>
  <testcase classname="APITesting.G_PostingUsingDataProvider" name="postingDataprovider" time="0.009"/>
  <system-out/>
  <testcase classname="APITesting.G_PostingUsingDataProvider" name="postingDataprovider" time="0.011"/>
  <system-out/>
  <testcase classname="APITesting.G_PostingUsingDataProvider" name="postingDataprovider" time="0.014"/>
  <system-out/>
  <testcase classname="APITesting.G_PostingUsingDataProvider" name="postingDataprovider" time="0.010"/>
  <system-out/>
  <testcase classname="APITesting.G_PostingUsingDataProvider" name="postingDataprovider" time="1.370"/>
  <system-out/>
  <testcase classname="APITesting.G_PostingUsingDataProvider" name="postingDataprovider" time="0.017"/>
  <system-out/>
  <testcase classname="APITesting.G_PostingUsingDataProvider" name="postingDataprovider" time="0.015"/>
  <system-out/>
  <testcase classname="APITesting.G_PostingUsingDataProvider" name="postingDataprovider" time="0.011"/>
  <system-out/>
  <testcase classname="APITesting.G_PostingUsingDataProvider" name="postingDataprovider" time="0.013"/>
  <system-out/>
  <testcase classname="APITesting.G_PostingUsingDataProvider" name="postingDataprovider" time="0.008"/>
  <system-out/>
  <testcase classname="APITesting.G_PostingUsingDataProvider" name="postingDataprovider" time="0.010"/>
  <system-out/>
  <testcase classname="APITesting.G_PostingUsingDataProvider" name="postingDataprovider" time="0.011"/>
  <system-out/>
  <testcase classname="APITesting.G_PostingUsingDataProvider" name="postingDataprovider" time="0.014"/>
  <system-out/>
  <testcase classname="APITesting.G_PostingUsingDataProvider" name="postingDataprovider" time="0.013"/>
  <system-out/>
  <testcase classname="APITesting.G_PostingUsingDataProvider" name="postingDataprovider" time="0.010"/>
  <system-out/>
  <testcase classname="APITesting.G_PostingUsingDataProvider" name="postingDataprovider" time="0.012"/>
  <system-out/>
  <testcase classname="APITesting.G_PostingUsingDataProvider" name="postingDataprovider" time="0.023"/>
  <system-out/>
  <testcase classname="APITesting.G_PostingUsingDataProvider" name="postingDataprovider" time="0.011"/>
  <system-out/>
  <testcase classname="APITesting.G_PostingUsingDataProvider" name="postingDataprovider" time="0.011"/>
  <system-out/>
  <testcase classname="APITesting.G_PostingUsingDataProvider" name="postingDataprovider" time="0.011"/>
  <system-out/>
  <testcase classname="APITesting.G_PostingUsingDataProvider" name="postingDataprovider" time="0.010"/>
  <system-out/>
  <testcase classname="APITesting.G_PostingUsingDataProvider" name="postingDataprovider" time="0.012"/>
  <system-out/>
  <testcase classname="APITesting.G_PostingUsingDataProvider" name="postingDataprovider" time="0.008"/>
  <system-out/>
  <testcase classname="APITesting.G_PostingUsingDataProvider" name="postingDataprovider" time="0.016"/>
  <system-out/>
  <testcase classname="APITesting.G_PostingUsingDataProvider" name="postingDataprovider" time="0.021"/>
  <system-out/>
  <testcase classname="APITesting.G_PostingUsingDataProvider" name="postingDataprovider" time="0.009"/>
  <system-out/>
  <testcase classname="APITesting.G_PostingUsingDataProvider" name="postingDataprovider" time="0.011"/>
  <system-out/>
  <testcase classname="APITesting.G_PostingUsingDataProvider" name="postingDataprovider" time="0.011"/>
  <system-out/>
  <testcase classname="APITesting.G_PostingUsingDataProvider" name="postingDataprovider" time="0.016"/>
  <system-out/>
  <testcase classname="APITesting.G_PostingUsingDataProvider" name="postingDataprovider" time="0.012"/>
  <system-out/>
  <testcase classname="APITesting.G_PostingUsingDataProvider" name="postingDataprovider" time="0.014"/>
  <system-out/>
  <testcase classname="APITesting.G_PostingUsingDataProvider" name="postingDataprovider" time="0.013"/>
  <system-out/>
  <testcase classname="APITesting.G_PostingUsingDataProvider" name="postingDataprovider" time="0.009"/>
  <system-out/>
  <testcase classname="APITesting.G_PostingUsingDataProvider" name="postingDataprovider" time="0.012"/>
  <system-out/>
  <testcase classname="APITesting.G_PostingUsingDataProvider" name="postingDataprovider" time="0.017"/>
  <system-out/>
  <testcase classname="APITesting.G_PostingUsingDataProvider" name="postingDataprovider" time="0.008"/>
  <system-out/>
  <testcase classname="APITesting.G_PostingUsingDataProvider" name="postingDataprovider" time="0.012"/>
  <system-out/>
  <testcase classname="APITesting.G_PostingUsingDataProvider" name="postingDataprovider" time="0.009"/>
  <system-out/>
  <testcase classname="APITesting.G_PostingUsingDataProvider" name="postingDataprovider" time="0.011"/>
  <system-out/>
  <testcase classname="APITesting.G_PostingUsingDataProvider" name="postingDataprovider" time="0.010"/>
  <system-out/>
  <testcase classname="APITesting.G_PostingUsingDataProvider" name="postingDataprovider" time="0.012"/>
  <system-out/>
  <testcase classname="APITesting.G_PostingUsingDataProvider" name="postingDataprovider" time="0.011"/>
  <system-out/>
  <testcase classname="APITesting.G_PostingUsingDataProvider" name="postingDataprovider" time="0.012"/>
  <system-out/>
  <testcase classname="APITesting.G_PostingUsingDataProvider" name="postingDataprovider" time="0.010"/>
  <system-out/>
  <testcase classname="APITesting.G_PostingUsingDataProvider" name="postingDataprovider" time="0.010"/>
  <system-out/>
  <testcase classname="APITesting.G_PostingUsingDataProvider" name="postingDataprovider" time="0.011"/>
  <system-out/>
  <testcase classname="APITesting.G_PostingUsingDataProvider" name="postingDataprovider" time="0.011"/>
  <system-out/>
  <testcase classname="APITesting.G_PostingUsingDataProvider" name="postingDataprovider" time="0.016"/>
  <system-out/>
  <testcase classname="APITesting.G_PostingUsingDataProvider" name="postingDataprovider" time="0.010"/>
  <system-out/>
  <testcase classname="APITesting.G_PostingUsingDataProvider" name="postingDataprovider" time="0.010"/>
  <system-out/>
  <testcase classname="APITesting.G_PostingUsingDataProvider" name="postingDataprovider" time="0.013"/>
  <system-out/>
  <testcase classname="APITesting.G_PostingUsingDataProvider" name="postingDataprovider" time="0.011"/>
  <system-out/>
  <testcase classname="APITesting.G_PostingUsingDataProvider" name="postingDataprovider" time="0.012"/>
  <system-out/>
  <testcase classname="APITesting.G_PostingUsingDataProvider" name="postingDataprovider" time="0.009"/>
  <system-out/>
  <testcase classname="APITesting.G_PostingUsingDataProvider" name="postingDataprovider" time="0.012"/>
  <system-out/>
  <testcase classname="APITesting.G_PostingUsingDataProvider" name="postingDataprovider" time="0.010"/>
  <system-out/>
  <testcase classname="APITesting.G_PostingUsingDataProvider" name="postingDataprovider" time="0.024"/>
  <system-out/>
  <testcase classname="APITesting.G_PostingUsingDataProvider" name="postingDataprovider" time="0.016"/>
  <system-out/>
  <testcase classname="APITesting.G_PostingUsingDataProvider" name="postingDataprovider" time="0.012"/>
  <system-out/>
  <testcase classname="APITesting.G_PostingUsingDataProvider" name="postingDataprovider" time="0.012"/>
  <system-out/>
  <testcase classname="APITesting.G_PostingUsingDataProvider" name="postingDataprovider" time="0.011"/>
  <system-out/>
  <testcase classname="APITesting.G_PostingUsingDataProvider" name="postingDataprovider" time="0.012"/>
  <system-out/>
  <testcase classname="APITesting.G_PostingUsingDataProvider" name="postingDataprovider" time="0.011"/>
  <system-out/>
  <testcase classname="APITesting.G_PostingUsingDataProvider" name="postingDataprovider" time="0.011"/>
  <system-out/>
  <testcase classname="APITesting.G_PostingUsingDataProvider" name="postingDataprovider" time="0.014"/>
  <system-out/>
  <testcase classname="APITesting.G_PostingUsingDataProvider" name="postingDataprovider" time="0.013"/>
  <system-out/>
  <testcase classname="APITesting.G_PostingUsingDataProvider" name="postingDataprovider" time="0.019"/>
  <system-out/>
  <testcase classname="APITesting.G_PostingUsingDataProvider" name="postingDataprovider" time="0.014"/>
  <system-out/>
  <testcase classname="APITesting.G_PostingUsingDataProvider" name="postingDataprovider" time="0.012"/>
  <system-out/>
  <testcase classname="APITesting.G_PostingUsingDataProvider" name="postingDataprovider" time="0.009"/>
  <system-out/>
  <testcase classname="APITesting.G_PostingUsingDataProvider" name="postingDataprovider" time="0.007"/>
  <system-out/>
  <testcase classname="APITesting.G_PostingUsingDataProvider" name="postingDataprovider" time="0.015"/>
  <system-out/>
  <testcase classname="APITesting.G_PostingUsingDataProvider" name="postingDataprovider" time="0.010"/>
  <system-out/>
  <testcase classname="APITesting.G_PostingUsingDataProvider" name="postingDataprovider" time="0.010"/>
  <system-out/>
  <testcase classname="APITesting.G_PostingUsingDataProvider" name="postingDataprovider" time="0.014"/>
  <system-out/>
  <testcase classname="APITesting.G_PostingUsingDataProvider" name="postingDataprovider" time="0.008"/>
  <system-out/>
  <testcase classname="APITesting.G_PostingUsingDataProvider" name="postingDataprovider" time="0.013"/>
  <system-out/>
  <testcase classname="APITesting.G_PostingUsingDataProvider" name="postingDataprovider" time="0.018"/>
  <system-out/>
  <testcase classname="APITesting.G_PostingUsingDataProvider" name="postingDataprovider" time="0.011"/>
  <system-out/>
  <testcase classname="APITesting.G_PostingUsingDataProvider" name="postingDataprovider" time="0.007"/>
  <system-out/>
  <testcase classname="APITesting.G_PostingUsingDataProvider" name="postingDataprovider" time="0.011"/>
  <system-out/>
  <testcase classname="APITesting.G_PostingUsingDataProvider" name="postingDataprovider" time="0.011"/>
  <system-out/>
  <testcase classname="APITesting.G_PostingUsingDataProvider" name="postingDataprovider" time="0.012"/>
  <system-out/>
  <testcase classname="APITesting.G_PostingUsingDataProvider" name="postingDataprovider" time="0.008"/>
  <system-out/>
  <testcase classname="APITesting.G_PostingUsingDataProvider" name="postingDataprovider" time="0.012"/>
  <system-out/>
  <testcase classname="APITesting.G_PostingUsingDataProvider" name="postingDataprovider" time="0.013"/>
  <system-out/>
  <testcase classname="APITesting.G_PostingUsingDataProvider" name="postingDataprovider" time="0.011"/>
  <system-out/>
  <testcase classname="APITesting.G_PostingUsingDataProvider" name="postingDataprovider" time="0.016"/>
  <system-out/>
  <testcase classname="APITesting.G_PostingUsingDataProvider" name="postingDataprovider" time="0.017"/>
  <system-out/>
  <testcase classname="APITesting.G_PostingUsingDataProvider" name="postingDataprovider" time="0.008"/>
  <system-out/>
  <testcase classname="APITesting.G_PostingUsingDataProvider" name="postingDataprovider" time="0.012"/>
  <system-out/>
  <testcase classname="APITesting.G_PostingUsingDataProvider" name="postingDataprovider" time="0.012"/>
  <system-out/>
  <testcase classname="APITesting.G_PostingUsingDataProvider" name="postingDataprovider" time="0.009"/>
  <system-out/>
  <testcase classname="APITesting.G_PostingUsingDataProvider" name="postingDataprovider" time="0.012"/>
  <system-out/>
  <testcase classname="APITesting.G_PostingUsingDataProvider" name="postingDataprovider" time="0.012"/>
  <system-out/>
  <testcase classname="APITesting.G_PostingUsingDataProvider" name="postingDataprovider" time="0.008"/>
  <system-out/>
  <testcase classname="APITesting.G_PostingUsingDataProvider" name="postingDataprovider" time="0.012"/>
  <system-out/>
  <testcase classname="APITesting.G_PostingUsingDataProvider" name="postingDataprovider" time="0.012"/>
  <system-out/>
  <testcase classname="APITesting.G_PostingUsingDataProvider" name="postingDataprovider" time="0.017"/>
  <system-out/>
  <testcase classname="APITesting.G_PostingUsingDataProvider" name="postingDataprovider" time="0.013"/>
  <system-out/>
  <testcase classname="APITesting.G_PostingUsingDataProvider" name="postingDataprovider" time="0.014"/>
  <system-out/>
  <testcase classname="APITesting.G_PostingUsingDataProvider" name="postingDataprovider" time="0.014"/>
  <system-out/>
  <testcase classname="APITesting.G_PostingUsingDataProvider" name="postingDataprovider" time="0.011"/>
  <system-out/>
  <testcase classname="APITesting.G_PostingUsingDataProvider" name="postingDataprovider" time="0.012"/>
  <system-out/>
  <testcase classname="APITesting.G_PostingUsingDataProvider" name="postingDataprovider" time="0.008"/>
  <system-out/>
  <testcase classname="APITesting.G_PostingUsingDataProvider" name="postingDataprovider" time="0.011"/>
  <system-out/>
  <testcase classname="APITesting.G_PostingUsingDataProvider" name="postingDataprovider" time="0.009"/>
  <system-out/>
  <testcase classname="APITesting.G_PostingUsingDataProvider" name="postingDataprovider" time="0.009"/>
  <system-out/>
  <testcase classname="APITesting.G_PostingUsingDataProvider" name="postingDataprovider" time="0.010"/>
  <system-out/>
  <testcase classname="APITesting.G_PostingUsingDataProvider" name="postingDataprovider" time="0.011"/>
  <system-out/>
  <testcase classname="APITesting.G_PostingUsingDataProvider" name="postingDataprovider" time="0.009"/>
  <system-out/>
  <testcase classname="APITesting.G_PostingUsingDataProvider" name="postingDataprovider" time="0.011"/>
  <system-out/>
  <testcase classname="APITesting.G_PostingUsingDataProvider" name="postingDataprovider" time="0.016"/>
  <system-out/>
  <testcase classname="APITesting.G_PostingUsingDataProvider" name="postingDataprovider" time="0.012"/>
  <system-out/>
  <testcase classname="APITesting.G_PostingUsingDataProvider" name="postingDataprovider" time="0.011"/>
  <system-out/>
  <testcase classname="APITesting.G_PostingUsingDataProvider" name="postingDataprovider" time="0.010"/>
  <system-out/>
  <testcase classname="APITesting.G_PostingUsingDataProvider" name="postingDataprovider" time="0.017"/>
  <system-out/>
  <testcase classname="APITesting.G_PostingUsingDataProvider" name="postingDataprovider" time="0.010"/>
  <system-out/>
  <testcase classname="APITesting.G_PostingUsingDataProvider" name="postingDataprovider" time="0.012"/>
  <system-out/>
  <testcase classname="APITesting.G_PostingUsingDataProvider" name="postingDataprovider" time="0.016"/>
  <system-out/>
  <testcase classname="APITesting.G_PostingUsingDataProvider" name="postingDataprovider" time="0.017"/>
  <system-out/>
  <testcase classname="APITesting.G_PostingUsingDataProvider" name="postingDataprovider" time="0.013"/>
  <system-out/>
  <testcase classname="APITesting.G_PostingUsingDataProvider" name="postingDataprovider" time="0.009"/>
  <system-out/>
  <testcase classname="APITesting.G_PostingUsingDataProvider" name="postingDataprovider" time="0.009"/>
  <system-out/>
  <testcase classname="APITesting.G_PostingUsingDataProvider" name="postingDataprovider" time="0.014"/>
  <system-out/>
  <testcase classname="APITesting.G_PostingUsingDataProvider" name="postingDataprovider" time="0.013"/>
  <system-out/>
  <testcase classname="APITesting.G_PostingUsingDataProvider" name="postingDataprovider" time="0.010"/>
  <system-out/>
  <testcase classname="APITesting.G_PostingUsingDataProvider" name="postingDataprovider" time="0.012"/>
  <system-out/>
  <testcase classname="APITesting.G_PostingUsingDataProvider" name="postingDataprovider" time="0.017"/>
  <system-out/>
  <testcase classname="APITesting.G_PostingUsingDataProvider" name="postingDataprovider" time="0.020"/>
  <system-out/>
  <testcase classname="APITesting.G_PostingUsingDataProvider" name="postingDataprovider" time="0.015"/>
  <system-out/>
  <testcase classname="APITesting.G_PostingUsingDataProvider" name="postingDataprovider" time="0.012"/>
  <system-out/>
  <testcase classname="APITesting.G_PostingUsingDataProvider" name="postingDataprovider" time="0.010"/>
  <system-out/>
  <testcase classname="APITesting.G_PostingUsingDataProvider" name="postingDataprovider" time="0.016"/>
  <system-out/>
  <testcase classname="APITesting.G_PostingUsingDataProvider" name="postingDataprovider" time="0.012"/>
  <system-out/>
  <testcase classname="APITesting.G_PostingUsingDataProvider" name="postingDataprovider" time="0.010"/>
  <system-out/>
  <testcase classname="APITesting.G_PostingUsingDataProvider" name="postingDataprovider" time="0.010"/>
  <system-out/>
  <testcase classname="APITesting.G_PostingUsingDataProvider" name="postingDataprovider" time="0.010"/>
  <system-out/>
  <testcase classname="APITesting.G_PostingUsingDataProvider" name="postingDataprovider" time="0.011"/>
  <system-out/>
  <testcase classname="APITesting.G_PostingUsingDataProvider" name="postingDataprovider" time="0.011"/>
  <system-out/>
  <testcase classname="APITesting.G_PostingUsingDataProvider" name="postingDataprovider" time="0.019"/>
  <system-out/>
  <testcase classname="APITesting.G_PostingUsingDataProvider" name="postingDataprovider" time="0.011"/>
  <system-out/>
  <testcase classname="APITesting.G_PostingUsingDataProvider" name="postingDataprovider" time="0.023"/>
  <system-out/>
  <testcase classname="APITesting.G_PostingUsingDataProvider" name="postingDataprovider" time="0.012"/>
  <system-out/>
  <testcase classname="APITesting.G_PostingUsingDataProvider" name="postingDataprovider" time="0.022"/>
  <system-out/>
  <testcase classname="APITesting.G_PostingUsingDataProvider" name="postingDataprovider" time="0.013"/>
  <system-out/>
  <testcase classname="APITesting.G_PostingUsingDataProvider" name="postingDataprovider" time="0.011"/>
  <system-out/>
  <testcase classname="APITesting.G_PostingUsingDataProvider" name="postingDataprovider" time="0.010"/>
  <system-out/>
  <testcase classname="APITesting.G_PostingUsingDataProvider" name="postingDataprovider" time="0.010"/>
  <system-out/>
  <testcase classname="APITesting.G_PostingUsingDataProvider" name="postingDataprovider" time="0.016"/>
  <system-out/>
  <testcase classname="APITesting.G_PostingUsingDataProvider" name="postingDataprovider" time="0.010"/>
  <system-out/>
  <testcase classname="APITesting.G_PostingUsingDataProvider" name="postingDataprovider" time="0.011"/>
  <system-out/>
  <testcase classname="APITesting.G_PostingUsingDataProvider" name="postingDataprovider" time="0.012"/>
  <system-out/>
  <testcase classname="APITesting.G_PostingUsingDataProvider" name="postingDataprovider" time="0.014"/>
  <system-out/>
  <testcase classname="APITesting.G_PostingUsingDataProvider" name="postingDataprovider" time="0.013"/>
  <system-out/>
  <testcase classname="APITesting.G_PostingUsingDataProvider" name="postingDataprovider" time="0.010"/>
  <system-out/>
  <testcase classname="APITesting.G_PostingUsingDataProvider" name="postingDataprovider" time="0.007"/>
  <system-out/>
  <testcase classname="APITesting.G_PostingUsingDataProvider" name="postingDataprovider" time="0.013"/>
  <system-out/>
  <testcase classname="APITesting.G_PostingUsingDataProvider" name="postingDataprovider" time="0.013"/>
  <system-out/>
  <testcase classname="APITesting.G_PostingUsingDataProvider" name="postingDataprovider" time="0.016"/>
  <system-out/>
  <testcase classname="APITesting.G_PostingUsingDataProvider" name="postingDataprovider" time="0.011"/>
  <system-out/>
  <testcase classname="APITesting.G_PostingUsingDataProvider" name="postingDataprovider" time="0.018"/>
  <system-out/>
  <testcase classname="APITesting.G_PostingUsingDataProvider" name="postingDataprovider" time="0.012"/>
  <system-out/>
  <testcase classname="APITesting.G_PostingUsingDataProvider" name="postingDataprovider" time="0.013"/>
  <system-out/>
  <testcase classname="APITesting.G_PostingUsingDataProvider" name="postingDataprovider" time="0.010"/>
  <system-out/>
  <testcase classname="APITesting.G_PostingUsingDataProvider" name="postingDataprovider" time="0.014"/>
  <system-out/>
  <testcase classname="APITesting.G_PostingUsingDataProvider" name="postingDataprovider" time="0.010"/>
  <system-out/>
  <testcase classname="APITesting.G_PostingUsingDataProvider" name="postingDataprovider" time="0.011"/>
  <system-out/>
  <testcase classname="APITesting.G_PostingUsingDataProvider" name="postingDataprovider" time="0.010"/>
  <system-out/>
  <testcase classname="APITesting.G_PostingUsingDataProvider" name="postingDataprovider" time="0.014"/>
  <system-out/>
  <testcase classname="APITesting.G_PostingUsingDataProvider" name="postingDataprovider" time="0.012"/>
  <system-out/>
  <testcase classname="APITesting.G_PostingUsingDataProvider" name="postingDataprovider" time="0.009"/>
  <system-out/>
  <testcase classname="APITesting.G_PostingUsingDataProvider" name="postingDataprovider" time="0.011"/>
  <system-out/>
  <testcase classname="APITesting.G_PostingUsingDataProvider" name="postingDataprovider" time="0.012"/>
  <system-out/>
  <testcase classname="APITesting.G_PostingUsingDataProvider" name="postingDataprovider" time="0.010"/>
  <system-out/>
  <testcase classname="APITesting.G_PostingUsingDataProvider" name="postingDataprovider" time="0.015"/>
  <system-out/>
  <testcase classname="APITesting.G_PostingUsingDataProvider" name="postingDataprovider" time="0.015"/>
  <system-out/>
  <testcase classname="APITesting.G_PostingUsingDataProvider" name="postingDataprovider" time="0.010"/>
  <system-out/>
  <testcase classname="APITesting.G_PostingUsingDataProvider" name="postingDataprovider" time="0.014"/>
  <system-out/>
  <testcase classname="APITesting.G_PostingUsingDataProvider" name="postingDataprovider" time="0.012"/>
  <system-out/>
  <testcase classname="APITesting.G_PostingUsingDataProvider" name="postingDataprovider" time="0.011"/>
  <system-out/>
  <testcase classname="APITesting.G_PostingUsingDataProvider" name="postingDataprovider" time="0.012"/>
  <system-out/>
  <testcase classname="APITesting.G_PostingUsingDataProvider" name="postingDataprovider" time="0.009"/>
  <system-out/>
  <testcase classname="APITesting.G_PostingUsingDataProvider" name="postingDataprovider" time="0.009"/>
  <system-out/>
  <testcase classname="APITesting.G_PostingUsingDataProvider" name="postingDataprovider" time="0.013"/>
  <system-out/>
  <testcase classname="APITesting.G_PostingUsingDataProvider" name="postingDataprovider" time="0.010"/>
  <system-out/>
  <testcase classname="APITesting.G_PostingUsingDataProvider" name="postingDataprovider" time="0.010"/>
  <system-out/>
  <testcase classname="APITesting.G_PostingUsingDataProvider" name="postingDataprovider" time="0.014"/>
  <system-out/>
  <testcase classname="APITesting.G_PostingUsingDataProvider" name="postingDataprovider" time="0.010"/>
  <system-out/>
  <testcase classname="APITesting.G_PostingUsingDataProvider" name="postingDataprovider" time="0.017"/>
  <system-out/>
  <testcase classname="APITesting.G_PostingUsingDataProvider" name="postingDataprovider" time="0.010"/>
  <system-out/>
  <testcase classname="APITesting.G_PostingUsingDataProvider" name="postingDataprovider" time="0.009"/>
  <system-out/>
  <testcase classname="APITesting.G_PostingUsingDataProvider" name="postingDataprovider" time="0.012"/>
  <system-out/>
  <testcase classname="APITesting.G_PostingUsingDataProvider" name="postingDataprovider" time="0.012"/>
  <system-out/>
  <testcase classname="APITesting.G_PostingUsingDataProvider" name="postingDataprovider" time="0.008"/>
  <system-out/>
  <testcase classname="APITesting.G_PostingUsingDataProvider" name="postingDataprovider" time="0.019"/>
  <system-out/>
  <testcase classname="APITesting.G_PostingUsingDataProvider" name="postingDataprovider" time="0.008"/>
  <system-out/>
  <testcase classname="APITesting.G_PostingUsingDataProvider" name="postingDataprovider" time="0.011"/>
  <system-out/>
  <testcase classname="APITesting.G_PostingUsingDataProvider" name="postingDataprovider" time="0.017"/>
  <system-out/>
  <testcase classname="APITesting.G_PostingUsingDataProvider" name="postingDataprovider" time="0.010"/>
  <system-out/>
  <testcase classname="APITesting.G_PostingUsingDataProvider" name="postingDataprovider" time="0.012"/>
  <system-out/>
  <testcase classname="APITesting.G_PostingUsingDataProvider" name="postingDataprovider" time="0.014"/>
  <system-out/>
  <testcase classname="APITesting.G_PostingUsingDataProvider" name="postingDataprovider" time="0.012"/>
  <system-out/>
  <testcase classname="APITesting.G_PostingUsingDataProvider" name="postingDataprovider" time="0.009"/>
  <system-out/>
  <testcase classname="APITesting.G_PostingUsingDataProvider" name="postingDataprovider" time="0.012"/>
  <system-out/>
  <testcase classname="APITesting.G_PostingUsingDataProvider" name="postingDataprovider" time="0.009"/>
  <system-out/>
  <testcase classname="APITesting.G_PostingUsingDataProvider" name="postingDataprovider" time="0.010"/>
  <system-out/>
  <testcase classname="APITesting.G_PostingUsingDataProvider" name="postingDataprovider" time="0.009"/>
  <system-out/>
  <testcase classname="APITesting.G_PostingUsingDataProvider" name="postingDataprovider" time="0.009"/>
  <system-out/>
  <testcase classname="APITesting.G_PostingUsingDataProvider" name="postingDataprovider" time="0.015"/>
  <system-out/>
  <testcase classname="APITesting.G_PostingUsingDataProvider" name="postingDataprovider" time="0.012"/>
  <system-out/>
  <testcase classname="APITesting.G_PostingUsingDataProvider" name="postingDataprovider" time="0.015"/>
  <system-out/>
  <testcase classname="APITesting.G_PostingUsingDataProvider" name="postingDataprovider" time="0.014"/>
  <system-out/>
  <testcase classname="APITesting.G_PostingUsingDataProvider" name="postingDataprovider" time="0.011"/>
  <system-out/>
  <testcase classname="APITesting.G_PostingUsingDataProvider" name="postingDataprovider" time="0.011"/>
  <system-out/>
  <testcase classname="APITesting.G_PostingUsingDataProvider" name="postingDataprovider" time="0.011"/>
  <system-out/>
  <testcase classname="APITesting.G_PostingUsingDataProvider" name="postingDataprovider" time="0.021"/>
  <system-out/>
  <testcase classname="APITesting.G_PostingUsingDataProvider" name="postingDataprovider" time="0.012"/>
  <system-out/>
  <testcase classname="APITesting.G_PostingUsingDataProvider" name="postingDataprovider" time="0.013"/>
  <system-out/>
  <testcase classname="APITesting.G_PostingUsingDataProvider" name="postingDataprovider" time="0.010"/>
  <system-out/>
  <testcase classname="APITesting.G_PostingUsingDataProvider" name="postingDataprovider" time="0.011"/>
  <system-out/>
  <testcase classname="APITesting.G_PostingUsingDataProvider" name="postingDataprovider" time="0.012"/>
  <system-out/>
  <testcase classname="APITesting.G_PostingUsingDataProvider" name="postingDataprovider" time="0.013"/>
  <system-out/>
  <testcase classname="APITesting.G_PostingUsingDataProvider" name="postingDataprovider" time="0.013"/>
  <system-out/>
  <testcase classname="APITesting.G_PostingUsingDataProvider" name="postingDataprovider" time="0.010"/>
  <system-out/>
  <testcase classname="APITesting.G_PostingUsingDataProvider" name="postingDataprovider" time="0.008"/>
  <system-out/>
  <testcase classname="APITesting.G_PostingUsingDataProvider" name="postingDataprovider" time="0.009"/>
  <system-out/>
  <testcase classname="APITesting.G_PostingUsingDataProvider" name="postingDataprovider" time="0.016"/>
  <system-out/>
  <testcase classname="APITesting.G_PostingUsingDataProvider" name="postingDataprovider" time="0.013"/>
  <system-out/>
  <testcase classname="APITesting.G_PostingUsingDataProvider" name="postingDataprovider" time="0.009"/>
  <system-out/>
  <testcase classname="APITesting.G_PostingUsingDataProvider" name="postingDataprovider" time="0.011"/>
  <system-out/>
  <testcase classname="APITesting.G_PostingUsingDataProvider" name="postingDataprovider" time="0.011"/>
  <system-out/>
  <testcase classname="APITesting.G_PostingUsingDataProvider" name="postingDataprovider" time="0.012"/>
  <system-out/>
  <testcase classname="APITesting.G_PostingUsingDataProvider" name="postingDataprovider" time="0.012"/>
  <system-out/>
  <testcase classname="APITesting.G_PostingUsingDataProvider" name="postingDataprovider" time="0.012"/>
  <system-out/>
  <testcase classname="APITesting.G_PostingUsingDataProvider" name="postingDataprovider" time="0.012"/>
  <system-out/>
  <testcase classname="APITesting.G_PostingUsingDataProvider" name="postingDataprovider" time="0.012"/>
  <system-out/>
  <testcase classname="APITesting.G_PostingUsingDataProvider" name="postingDataprovider" time="0.011"/>
  <system-out/>
  <testcase classname="APITesting.G_PostingUsingDataProvider" name="postingDataprovider" time="0.014"/>
  <system-out/>
  <testcase classname="APITesting.G_PostingUsingDataProvider" name="postingDataprovider" time="0.010"/>
  <system-out/>
  <testcase classname="APITesting.G_PostingUsingDataProvider" name="postingDataprovider" time="0.008"/>
  <system-out/>
  <testcase classname="APITesting.G_PostingUsingDataProvider" name="postingDataprovider" time="0.010"/>
  <system-out/>
  <testcase classname="APITesting.G_PostingUsingDataProvider" name="postingDataprovider" time="0.012"/>
  <system-out/>
  <testcase classname="APITesting.G_PostingUsingDataProvider" name="postingDataprovider" time="0.010"/>
  <system-out/>
  <testcase classname="APITesting.G_PostingUsingDataProvider" name="postingDataprovider" time="0.009"/>
  <system-out/>
  <testcase classname="APITesting.G_PostingUsingDataProvider" name="postingDataprovider" time="0.013"/>
  <system-out/>
  <testcase classname="APITesting.G_PostingUsingDataProvider" name="postingDataprovider" time="0.014"/>
  <system-out/>
  <testcase classname="APITesting.G_PostingUsingDataProvider" name="postingDataprovider" time="0.016"/>
  <system-out/>
  <testcase classname="APITesting.G_PostingUsingDataProvider" name="postingDataprovider" time="0.010"/>
  <system-out/>
  <testcase classname="APITesting.G_PostingUsingDataProvider" name="postingDataprovider" time="0.012"/>
  <system-out/>
  <testcase classname="APITesting.G_PostingUsingDataProvider" name="postingDataprovider" time="0.012"/>
  <system-out/>
  <testcase classname="APITesting.G_PostingUsingDataProvider" name="postingDataprovider" time="0.007"/>
  <system-out/>
  <testcase classname="APITesting.G_PostingUsingDataProvider" name="postingDataprovider" time="0.008"/>
  <system-out/>
  <testcase classname="APITesting.G_PostingUsingDataProvider" name="postingDataprovider" time="0.010"/>
  <system-out/>
  <testcase classname="APITesting.G_PostingUsingDataProvider" name="postingDataprovider" time="0.014"/>
  <system-out/>
  <testcase classname="APITesting.G_PostingUsingDataProvider" name="postingDataprovider" time="0.010"/>
  <system-out/>
  <testcase classname="APITesting.G_PostingUsingDataProvider" name="postingDataprovider" time="0.012"/>
  <system-out/>
  <testcase classname="APITesting.G_PostingUsingDataProvider" name="postingDataprovider" time="0.016"/>
  <system-out/>
  <testcase classname="APITesting.G_PostingUsingDataProvider" name="postingDataprovider" time="0.012"/>
  <system-out/>
  <testcase classname="APITesting.G_PostingUsingDataProvider" name="postingDataprovider" time="0.012"/>
  <system-out/>
  <testcase classname="APITesting.G_PostingUsingDataProvider" name="postingDataprovider" time="0.017"/>
  <system-out/>
  <testcase classname="APITesting.G_PostingUsingDataProvider" name="postingDataprovider" time="0.009"/>
  <system-out/>
  <testcase classname="APITesting.G_PostingUsingDataProvider" name="postingDataprovider" time="0.014"/>
  <system-out/>
  <testcase classname="APITesting.G_PostingUsingDataProvider" name="postingDataprovider" time="0.008"/>
  <system-out/>
  <testcase classname="APITesting.G_PostingUsingDataProvider" name="postingDataprovider" time="0.012"/>
  <system-out/>
  <testcase classname="APITesting.G_PostingUsingDataProvider" name="postingDataprovider" time="0.016"/>
  <system-out/>
  <testcase classname="APITesting.G_PostingUsingDataProvider" name="postingDataprovider" time="0.011"/>
  <system-out/>
  <testcase classname="APITesting.G_PostingUsingDataProvider" name="postingDataprovider" time="0.018"/>
  <system-out/>
  <testcase classname="APITesting.G_PostingUsingDataProvider" name="postingDataprovider" time="0.011"/>
  <system-out/>
  <testcase classname="APITesting.G_PostingUsingDataProvider" name="postingDataprovider" time="0.011"/>
  <system-out/>
  <testcase classname="APITesting.G_PostingUsingDataProvider" name="postingDataprovider" time="0.010"/>
  <system-out/>
  <testcase classname="APITesting.G_PostingUsingDataProvider" name="postingDataprovider" time="0.009"/>
  <system-out/>
  <testcase classname="APITesting.G_PostingUsingDataProvider" name="postingDataprovider" time="0.010"/>
  <system-out/>
  <testcase classname="APITesting.G_PostingUsingDataProvider" name="postingDataprovider" time="0.008"/>
  <system-out/>
  <testcase classname="APITesting.G_PostingUsingDataProvider" name="postingDataprovider" time="0.011"/>
  <system-out/>
  <testcase classname="APITesting.G_PostingUsingDataProvider" name="postingDataprovider" time="0.010"/>
  <system-out/>
  <testcase classname="APITesting.G_PostingUsingDataProvider" name="postingDataprovider" time="0.019"/>
  <system-out/>
  <testcase classname="APITesting.G_PostingUsingDataProvider" name="postingDataprovider" time="0.013"/>
  <system-out/>
  <testcase classname="APITesting.G_PostingUsingDataProvider" name="postingDataprovider" time="0.012"/>
  <system-out/>
  <testcase classname="APITesting.G_PostingUsingDataProvider" name="postingDataprovider" time="0.015"/>
  <system-out/>
  <testcase classname="APITesting.G_PostingUsingDataProvider" name="postingDataprovider" time="0.010"/>
  <system-out/>
  <testcase classname="APITesting.G_PostingUsingDataProvider" name="postingDataprovider" time="0.010"/>
  <system-out/>
  <testcase classname="APITesting.G_PostingUsingDataProvider" name="postingDataprovider" time="0.016"/>
  <system-out/>
  <testcase classname="APITesting.G_PostingUsingDataProvider" name="postingDataprovider" time="0.020"/>
  <system-out/>
  <testcase classname="APITesting.G_PostingUsingDataProvider" name="postingDataprovider" time="0.017"/>
  <system-out/>
  <testcase classname="APITesting.G_PostingUsingDataProvider" name="postingDataprovider" time="0.009"/>
  <system-out/>
  <testcase classname="APITesting.G_PostingUsingDataProvider" name="postingDataprovider" time="0.010"/>
  <system-out/>
  <testcase classname="APITesting.G_PostingUsingDataProvider" name="postingDataprovider" time="0.015"/>
  <system-out/>
  <testcase classname="APITesting.G_PostingUsingDataProvider" name="postingDataprovider" time="0.012"/>
  <system-out/>
  <testcase classname="APITesting.G_PostingUsingDataProvider" name="postingDataprovider" time="0.010"/>
  <system-out/>
  <testcase classname="APITesting.G_PostingUsingDataProvider" name="postingDataprovider" time="0.016"/>
  <system-out/>
  <testcase classname="APITesting.G_PostingUsingDataProvider" name="postingDataprovider" time="0.015"/>
  <system-out/>
  <testcase classname="APITesting.G_PostingUsingDataProvider" name="postingDataprovider" time="0.008"/>
  <system-out/>
  <testcase classname="APITesting.G_PostingUsingDataProvider" name="postingDataprovider" time="0.016"/>
  <system-out/>
  <testcase classname="APITesting.G_PostingUsingDataProvider" name="postingDataprovider" time="0.009"/>
  <system-out/>
  <testcase classname="APITesting.G_PostingUsingDataProvider" name="postingDataprovider" time="0.012"/>
  <system-out/>
  <testcase classname="APITesting.G_PostingUsingDataProvider" name="postingDataprovider" time="0.013"/>
  <system-out/>
  <testcase classname="APITesting.G_PostingUsingDataProvider" name="postingDataprovider" time="0.012"/>
  <system-out/>
  <testcase classname="APITesting.G_PostingUsingDataProvider" name="postingDataprovider" time="0.014"/>
  <system-out/>
  <testcase classname="APITesting.G_PostingUsingDataProvider" name="postingDataprovider" time="0.009"/>
  <system-out/>
  <testcase classname="APITesting.G_PostingUsingDataProvider" name="postingDataprovider" time="0.010"/>
  <system-out/>
  <testcase classname="APITesting.G_PostingUsingDataProvider" name="postingDataprovider" time="0.012"/>
  <system-out/>
  <testcase classname="APITesting.G_PostingUsingDataProvider" name="postingDataprovider" time="0.012"/>
  <system-out/>
  <testcase classname="APITesting.G_PostingUsingDataProvider" name="postingDataprovider" time="0.012"/>
  <system-out/>
  <testcase classname="APITesting.G_PostingUsingDataProvider" name="postingDataprovider" time="0.010"/>
  <system-out/>
  <testcase classname="APITesting.G_PostingUsingDataProvider" name="postingDataprovider" time="0.012"/>
  <system-out/>
  <testcase classname="APITesting.G_PostingUsingDataProvider" name="postingDataprovider" time="0.015"/>
  <system-out/>
  <testcase classname="APITesting.G_PostingUsingDataProvider" name="postingDataprovider" time="0.012"/>
  <system-out/>
  <testcase classname="APITesting.G_PostingUsingDataProvider" name="postingDataprovider" time="0.011"/>
  <system-out/>
  <testcase classname="APITesting.G_PostingUsingDataProvider" name="postingDataprovider" time="0.015"/>
  <system-out/>
  <testcase classname="APITesting.G_PostingUsingDataProvider" name="postingDataprovider" time="0.013"/>
  <system-out/>
  <testcase classname="APITesting.G_PostingUsingDataProvider" name="postingDataprovider" time="0.020"/>
  <system-out/>
  <testcase classname="APITesting.G_PostingUsingDataProvider" name="postingDataprovider" time="0.015"/>
  <system-out/>
  <testcase classname="APITesting.G_PostingUsingDataProvider" name="postingDataprovider" time="0.008"/>
  <system-out/>
  <testcase classname="APITesting.G_PostingUsingDataProvider" name="postingDataprovider" time="0.011"/>
  <system-out/>
  <testcase classname="APITesting.G_PostingUsingDataProvider" name="postingDataprovider" time="0.010"/>
  <system-out/>
  <testcase classname="APITesting.G_PostingUsingDataProvider" name="postingDataprovider" time="0.012"/>
  <system-out/>
  <testcase classname="APITesting.G_PostingUsingDataProvider" name="postingDataprovider" time="0.015"/>
  <system-out/>
  <testcase classname="APITesting.G_PostingUsingDataProvider" name="postingDataprovider" time="0.009"/>
  <system-out/>
  <testcase classname="APITesting.G_PostingUsingDataProvider" name="postingDataprovider" time="0.010"/>
  <system-out/>
  <testcase classname="APITesting.G_PostingUsingDataProvider" name="postingDataprovider" time="0.008"/>
  <system-out/>
  <testcase classname="APITesting.G_PostingUsingDataProvider" name="postingDataprovider" time="0.011"/>
  <system-out/>
  <testcase classname="APITesting.G_PostingUsingDataProvider" name="postingDataprovider" time="0.010"/>
  <system-out/>
  <testcase classname="APITesting.G_PostingUsingDataProvider" name="postingDataprovider" time="0.008"/>
  <system-out/>
  <testcase classname="APITesting.G_PostingUsingDataProvider" name="postingDataprovider" time="0.011"/>
  <system-out/>
  <testcase classname="APITesting.G_PostingUsingDataProvider" name="postingDataprovider" time="0.011"/>
  <system-out/>
  <testcase classname="APITesting.G_PostingUsingDataProvider" name="postingDataprovider" time="0.011"/>
  <system-out/>
  <testcase classname="APITesting.G_PostingUsingDataProvider" name="postingDataprovider" time="0.011"/>
  <system-out/>
  <testcase classname="APITesting.G_PostingUsingDataProvider" name="postingDataprovider" time="0.010"/>
  <system-out/>
  <testcase classname="APITesting.G_PostingUsingDataProvider" name="postingDataprovider" time="0.015"/>
  <system-out/>
  <testcase classname="APITesting.G_PostingUsingDataProvider" name="postingDataprovider" time="0.011"/>
  <system-out/>
  <testcase classname="APITesting.G_PostingUsingDataProvider" name="postingDataprovider" time="0.009"/>
  <system-out/>
  <testcase classname="APITesting.G_PostingUsingDataProvider" name="postingDataprovider" time="0.014"/>
  <system-out/>
  <testcase classname="APITesting.G_PostingUsingDataProvider" name="postingDataprovider" time="0.009"/>
  <system-out/>
  <testcase classname="APITesting.G_PostingUsingDataProvider" name="postingDataprovider" time="0.011"/>
  <system-out/>
  <testcase classname="APITesting.G_PostingUsingDataProvider" name="postingDataprovider" time="0.012"/>
  <system-out/>
  <testcase classname="APITesting.G_PostingUsingDataProvider" name="postingDataprovider" time="0.011"/>
  <system-out/>
  <testcase classname="APITesting.G_PostingUsingDataProvider" name="postingDataprovider" time="0.017"/>
  <system-out/>
  <testcase classname="APITesting.G_PostingUsingDataProvider" name="postingDataprovider" time="0.017"/>
  <system-out/>
  <testcase classname="APITesting.G_PostingUsingDataProvider" name="postingDataprovider" time="0.009"/>
  <system-out/>
  <testcase classname="APITesting.G_PostingUsingDataProvider" name="postingDataprovider" time="0.012"/>
  <system-out/>
  <testcase classname="APITesting.G_PostingUsingDataProvider" name="postingDataprovider" time="0.010"/>
  <system-out/>
  <testcase classname="APITesting.G_PostingUsingDataProvider" name="postingDataprovider" time="0.010"/>
  <system-out/>
  <testcase classname="APITesting.G_PostingUsingDataProvider" name="postingDataprovider" time="0.016"/>
  <system-out/>
  <testcase classname="APITesting.G_PostingUsingDataProvider" name="postingDataprovider" time="0.010"/>
  <system-out/>
  <testcase classname="APITesting.G_PostingUsingDataProvider" name="postingDataprovider" time="0.010"/>
  <system-out/>
  <testcase classname="APITesting.G_PostingUsingDataProvider" name="postingDataprovider" time="0.014"/>
  <system-out/>
  <testcase classname="APITesting.G_PostingUsingDataProvider" name="postingDataprovider" time="0.013"/>
  <system-out/>
  <testcase classname="APITesting.G_PostingUsingDataProvider" name="postingDataprovider" time="0.010"/>
  <system-out/>
  <testcase classname="APITesting.G_PostingUsingDataProvider" name="postingDataprovider" time="0.009"/>
  <system-out/>
  <testcase classname="APITesting.G_PostingUsingDataProvider" name="postingDataprovider" time="0.023"/>
  <system-out/>
  <testcase classname="APITesting.G_PostingUsingDataProvider" name="postingDataprovider" time="0.014"/>
  <system-out/>
  <testcase classname="APITesting.G_PostingUsingDataProvider" name="postingDataprovider" time="0.008"/>
  <system-out/>
  <testcase classname="APITesting.G_PostingUsingDataProvider" name="postingDataprovider" time="0.011"/>
  <system-out/>
  <testcase classname="APITesting.G_PostingUsingDataProvider" name="postingDataprovider" time="0.015"/>
  <system-out/>
  <testcase classname="APITesting.G_PostingUsingDataProvider" name="postingDataprovider" time="0.012"/>
  <system-out/>
  <testcase classname="APITesting.G_PostingUsingDataProvider" name="postingDataprovider" time="0.014"/>
  <system-out/>
  <testcase classname="APITesting.G_PostingUsingDataProvider" name="postingDataprovider" time="0.009"/>
  <system-out/>
  <testcase classname="APITesting.G_PostingUsingDataProvider" name="postingDataprovider" time="0.015"/>
  <system-out/>
  <testcase classname="APITesting.G_PostingUsingDataProvider" name="postingDataprovider" time="0.012"/>
  <system-out/>
  <testcase classname="APITesting.G_PostingUsingDataProvider" name="postingDataprovider" time="0.014"/>
  <system-out/>
  <testcase classname="APITesting.G_PostingUsingDataProvider" name="postingDataprovider" time="0.011"/>
  <system-out/>
  <testcase classname="APITesting.G_PostingUsingDataProvider" name="postingDataprovider" time="0.012"/>
  <system-out/>
  <testcase classname="APITesting.G_PostingUsingDataProvider" name="postingDataprovider" time="0.014"/>
  <system-out/>
  <testcase classname="APITesting.G_PostingUsingDataProvider" name="postingDataprovider" time="0.009"/>
  <system-out/>
  <testcase classname="APITesting.G_PostingUsingDataProvider" name="postingDataprovider" time="0.010"/>
  <system-out/>
  <testcase classname="APITesting.G_PostingUsingDataProvider" name="postingDataprovider" time="0.010"/>
  <system-out/>
  <testcase classname="APITesting.G_PostingUsingDataProvider" name="postingDataprovider" time="0.010"/>
  <system-out/>
  <testcase classname="APITesting.G_PostingUsingDataProvider" name="postingDataprovider" time="0.011"/>
  <system-out/>
  <testcase classname="APITesting.G_PostingUsingDataProvider" name="postingDataprovider" time="0.017"/>
  <system-out/>
  <testcase classname="APITesting.G_PostingUsingDataProvider" name="postingDataprovider" time="0.011"/>
  <system-out/>
  <testcase classname="APITesting.G_PostingUsingDataProvider" name="postingDataprovider" time="0.011"/>
  <system-out/>
  <testcase classname="APITesting.G_PostingUsingDataProvider" name="postingDataprovider" time="0.021"/>
  <system-out/>
  <testcase classname="APITesting.G_PostingUsingDataProvider" name="postingDataprovider" time="0.010"/>
  <system-out/>
  <testcase classname="APITesting.G_PostingUsingDataProvider" name="postingDataprovider" time="0.011"/>
  <system-out/>
  <testcase classname="APITesting.G_PostingUsingDataProvider" name="postingDataprovider" time="0.015"/>
  <system-out/>
  <testcase classname="APITesting.G_PostingUsingDataProvider" name="postingDataprovider" time="0.010"/>
  <system-out/>
  <testcase classname="APITesting.G_PostingUsingDataProvider" name="postingDataprovider" time="0.009"/>
  <system-out/>
  <testcase classname="APITesting.G_PostingUsingDataProvider" name="postingDataprovider" time="0.016"/>
  <system-out/>
  <testcase classname="APITesting.G_PostingUsingDataProvider" name="postingDataprovider" time="0.015"/>
  <system-out/>
  <testcase classname="APITesting.G_PostingUsingDataProvider" name="postingDataprovider" time="0.014"/>
  <system-out/>
  <testcase classname="APITesting.G_PostingUsingDataProvider" name="postingDataprovider" time="0.012"/>
  <system-out/>
  <testcase classname="APITesting.G_PostingUsingDataProvider" name="postingDataprovider" time="0.011"/>
  <system-out/>
  <testcase classname="APITesting.G_PostingUsingDataProvider" name="postingDataprovider" time="0.012"/>
  <system-out/>
  <testcase classname="APITesting.G_PostingUsingDataProvider" name="postingDataprovider" time="0.010"/>
  <system-out/>
  <testcase classname="APITesting.G_PostingUsingDataProvider" name="postingDataprovider" time="0.014"/>
  <system-out/>
[...]
  <system-out/>
  <testcase classname="APITesting.G_PostingUsingDataProvider" name="postingDataprovider" time="0.023"/>
  <system-out/>
  <testcase classname="APITesting.G_PostingUsingDataProvider" name="postingDataprovider" time="0.016"/>
  <system-out/>
  <testcase classname="APITesting.G_PostingUsingDataProvider" name="postingDataprovider" time="0.010"/>
  <system-out/>
  <testcase classname="APITesting.G_PostingUsingDataProvider" name="postingDataprovider" time="0.014"/>
  <system-out/>
  <testcase classname="APITesting.G_PostingUsingDataProvider" name="postingDataprovider" time="0.011"/>
  <system-out/>
  <testcase classname="APITesting.G_PostingUsingDataProvider" name="postingDataprovider" time="0.012"/>
  <system-out/>
  <testcase classname="APITesting.G_PostingUsingDataProvider" name="postingDataprovider" time="0.009"/>
  <system-out/>
  <testcase classname="APITesting.G_PostingUsingDataProvider" name="postingDataprovider" time="0.012"/>
  <system-out/>
  <testcase classname="APITesting.G_PostingUsingDataProvider" name="postingDataprovider" time="0.011"/>
  <system-out/>
  <testcase classname="APITesting.G_PostingUsingDataProvider" name="postingDataprovider" time="0.011"/>
  <system-out/>
  <testcase classname="APITesting.G_PostingUsingDataProvider" name="postingDataprovider" time="0.011"/>
  <system-out/>
  <testcase classname="APITesting.G_PostingUsingDataProvider" name="postingDataprovider" time="0.014"/>
  <system-out/>
  <testcase classname="APITesting.G_PostingUsingDataProvider" name="postingDataprovider" time="0.011"/>
  <system-out/>
  <testcase classname="APITesting.G_PostingUsingDataProvider" name="postingDataprovider" time="0.012"/>
  <system-out/>
  <testcase classname="APITesting.G_PostingUsingDataProvider" name="postingDataprovider" time="0.017"/>
  <system-out/>
  <testcase classname="APITesting.G_PostingUsingDataProvider" name="postingDataprovider" time="0.016"/>
  <system-out/>
  <testcase classname="APITesting.G_PostingUsingDataProvider" name="postingDataprovider" time="0.016"/>
  <system-out/>
  <testcase classname="APITesting.G_PostingUsingDataProvider" name="postingDataprovider" time="0.021"/>
  <system-out/>
  <testcase classname="APITesting.G_PostingUsingDataProvider" name="postingDataprovider" time="0.011"/>
  <system-out/>
  <testcase classname="APITesting.G_PostingUsingDataProvider" name="postingDataprovider" time="0.017"/>
  <system-out/>
  <testcase classname="APITesting.G_PostingUsingDataProvider" name="postingDataprovider" time="0.013"/>
  <system-out/>
  <testcase classname="APITesting.G_PostingUsingDataProvider" name="postingDataprovider" time="0.008"/>
  <system-out/>
  <testcase classname="APITesting.G_PostingUsingDataProvider" name="postingDataprovider" time="0.010"/>
  <system-out/>
  <testcase classname="APITesting.G_PostingUsingDataProvider" name="postingDataprovider" time="0.012"/>
  <system-out/>
  <testcase classname="APITesting.G_PostingUsingDataProvider" name="postingDataprovider" time="0.012"/>
  <system-out/>
  <testcase classname="APITesting.G_PostingUsingDataProvider" name="postingDataprovider" time="0.014"/>
  <system-out/>
  <testcase classname="APITesting.G_PostingUsingDataProvider" name="postingDataprovider" time="0.016"/>
  <system-out/>
  <testcase classname="APITesting.G_PostingUsingDataProvider" name="postingDataprovider" time="0.014"/>
  <system-out/>
  <testcase classname="APITesting.G_PostingUsingDataProvider" name="postingDataprovider" time="0.012"/>
  <system-out/>
  <testcase classname="APITesting.G_PostingUsingDataProvider" name="postingDataprovider" time="0.012"/>
  <system-out/>
  <testcase classname="APITesting.G_PostingUsingDataProvider" name="postingDataprovider" time="0.020"/>
  <system-out/>
  <testcase classname="APITesting.G_PostingUsingDataProvider" name="postingDataprovider" time="0.015"/>
  <system-out/>
  <testcase classname="APITesting.G_PostingUsingDataProvider" name="postingDataprovider" time="0.012"/>
  <system-out/>
  <testcase classname="APITesting.G_PostingUsingDataProvider" name="postingDataprovider" time="0.008"/>
  <system-out/>
  <testcase classname="APITesting.G_PostingUsingDataProvider" name="postingDataprovider" time="0.011"/>
  <system-out/>
  <testcase classname="APITesting.G_PostingUsingDataProvider" name="postingDataprovider" time="0.018"/>
  <system-out/>
  <testcase classname="APITesting.G_PostingUsingDataProvider" name="postingDataprovider" time="0.015"/>
  <system-out/>
  <testcase classname="APITesting.G_PostingUsingDataProvider" name="postingDataprovider" time="0.014"/>
  <system-out/>
  <testcase classname="APITesting.G_PostingUsingDataProvider" name="postingDataprovider" time="0.011"/>
  <system-out/>
  <testcase classname="APITesting.G_PostingUsingDataProvider" name="postingDataprovider" time="0.013"/>
  <system-out/>
  <testcase classname="APITesting.G_PostingUsingDataProvider" name="postingDataprovider" time="0.014"/>
  <system-out/>
  <testcase classname="APITesting.G_PostingUsingDataProvider" name="postingDataprovider" time="0.011"/>
  <system-out/>
  <testcase classname="APITesting.G_PostingUsingDataProvider" name="postingDataprovider" time="0.011"/>
  <system-out/>
  <testcase classname="APITesting.G_PostingUsingDataProvider" name="postingDataprovider" time="0.010"/>
  <system-out/>
  <testcase classname="APITesting.G_PostingUsingDataProvider" name="postingDataprovider" time="0.009"/>
  <system-out/>
  <testcase classname="APITesting.G_PostingUsingDataProvider" name="postingDataprovider" time="0.012"/>
  <system-out/>
  <testcase classname="APITesting.G_PostingUsingDataProvider" name="postingDataprovider" time="0.010"/>
  <system-out/>
  <testcase classname="APITesting.G_PostingUsingDataProvider" name="postingDataprovider" time="0.011"/>
  <system-out/>
  <testcase classname="APITesting.G_PostingUsingDataProvider" name="postingDataprovider" time="0.010"/>
  <system-out/>
  <testcase classname="APITesting.G_PostingUsingDataProvider" name="postingDataprovider" time="0.014"/>
  <system-out/>
  <testcase classname="APITesting.G_PostingUsingDataProvider" name="postingDataprovider" time="0.013"/>
  <system-out/>
  <testcase classname="APITesting.G_PostingUsingDataProvider" name="postingDataprovider" time="0.012"/>
  <system-out/>
  <testcase classname="APITesting.G_PostingUsingDataProvider" name="postingDataprovider" time="0.016"/>
  <system-out/>
  <testcase classname="APITesting.G_PostingUsingDataProvider" name="postingDataprovider" time="0.012"/>
  <system-out/>
  <testcase classname="APITesting.G_PostingUsingDataProvider" name="postingDataprovider" time="0.020"/>
  <system-out/>
  <testcase classname="APITesting.G_PostingUsingDataProvider" name="postingDataprovider" time="0.015"/>
  <system-out/>
  <testcase classname="APITesting.G_PostingUsingDataProvider" name="postingDataprovider" time="0.021"/>
  <system-out/>
  <testcase classname="APITesting.G_PostingUsingDataProvider" name="postingDataprovider" time="0.010"/>
  <system-out/>
  <testcase classname="APITesting.G_PostingUsingDataProvider" name="postingDataprovider" time="0.011"/>
  <system-out/>
  <testcase classname="APITesting.G_PostingUsingDataProvider" name="postingDataprovider" time="0.013"/>
  <system-out/>
  <testcase classname="APITesting.G_PostingUsingDataProvider" name="postingDataprovider" time="0.012"/>
  <system-out/>
  <testcase classname="APITesting.G_PostingUsingDataProvider" name="postingDataprovider" time="0.013"/>
  <system-out/>
  <testcase classname="APITesting.G_PostingUsingDataProvider" name="postingDataprovider" time="0.010"/>
  <system-out/>
  <testcase classname="APITesting.G_PostingUsingDataProvider" name="postingDataprovider" time="0.012"/>
  <system-out/>
  <testcase classname="APITesting.G_PostingUsingDataProvider" name="postingDataprovider" time="0.018"/>
  <system-out/>
  <testcase classname="APITesting.G_PostingUsingDataProvider" name="postingDataprovider" time="0.010"/>
  <system-out/>
  <testcase classname="APITesting.G_PostingUsingDataProvider" name="postingDataprovider" time="0.022"/>
  <system-out/>
  <testcase classname="APITesting.G_PostingUsingDataProvider" name="postingDataprovider" time="0.010"/>
  <system-out/>
  <testcase classname="APITesting.G_PostingUsingDataProvider" name="postingDataprovider" time="0.016"/>
  <system-out/>
  <testcase classname="APITesting.G_PostingUsingDataProvider" name="postingDataprovider" time="0.010"/>
  <system-out/>
  <testcase classname="APITesting.G_PostingUsingDataProvider" name="postingDataprovider" time="0.011"/>
  <system-out/>
  <testcase classname="APITesting.G_PostingUsingDataProvider" name="postingDataprovider" time="0.008"/>
  <system-out/>
  <testcase classname="APITesting.G_PostingUsingDataProvider" name="postingDataprovider" time="0.010"/>
  <system-out/>
  <testcase classname="APITesting.G_PostingUsingDataProvider" name="postingDataprovider" time="0.011"/>
  <system-out/>
  <testcase classname="APITesting.G_PostingUsingDataProvider" name="postingDataprovider" time="0.017"/>
  <system-out/>
  <testcase classname="APITesting.G_PostingUsingDataProvider" name="postingDataprovider" time="0.018"/>
  <system-out/>
  <testcase classname="APITesting.G_PostingUsingDataProvider" name="postingDataprovider" time="0.014"/>
  <system-out/>
  <testcase classname="APITesting.G_PostingUsingDataProvider" name="postingDataprovider" time="0.011"/>
  <system-out/>
  <testcase classname="APITesting.G_PostingUsingDataProvider" name="postingDataprovider" time="0.010"/>
  <system-out/>
  <testcase classname="APITesting.G_PostingUsingDataProvider" name="postingDataprovider" time="0.015"/>
  <system-out/>
  <testcase classname="APITesting.G_PostingUsingDataProvider" name="postingDataprovider" time="0.011"/>
  <system-out/>
  <testcase classname="APITesting.G_PostingUsingDataProvider" name="postingDataprovider" time="0.012"/>
  <system-out/>
  <testcase classname="APITesting.G_PostingUsingDataProvider" name="postingDataprovider" time="0.007"/>
  <system-out/>
  <testcase classname="APITesting.G_PostingUsingDataProvider" name="postingDataprovider" time="0.013"/>
  <system-out/>
  <testcase classname="APITesting.G_PostingUsingDataProvider" name="postingDataprovider" time="0.016"/>
  <system-out/>
  <testcase classname="APITesting.G_PostingUsingDataProvider" name="postingDataprovider" time="0.012"/>
  <system-out/>
  <testcase classname="APITesting.G_PostingUsingDataProvider" name="postingDataprovider" time="0.010"/>
  <system-out/>
  <testcase classname="APITesting.G_PostingUsingDataProvider" name="postingDataprovider" time="0.011"/>
  <system-out/>
  <testcase classname="APITesting.G_PostingUsingDataProvider" name="postingDataprovider" time="0.013"/>
  <system-out/>
  <testcase classname="APITesting.G_PostingUsingDataProvider" name="postingDataprovider" time="0.018"/>
  <system-out/>
  <testcase classname="APITesting.G_PostingUsingDataProvider" name="postingDataprovider" time="0.013"/>
  <system-out/>
  <testcase classname="APITesting.G_PostingUsingDataProvider" name="postingDataprovider" time="0.013"/>
  <system-out/>
  <testcase classname="APITesting.G_PostingUsingDataProvider" name="postingDataprovider" time="0.011"/>
  <system-out/>
  <testcase classname="APITesting.G_PostingUsingDataProvider" name="postingDataprovider" time="0.016"/>
  <system-out/>
  <testcase classname="APITesting.G_PostingUsingDataProvider" name="postingDataprovider" time="0.037"/>
  <system-out/>
  <testcase classname="APITesting.G_PostingUsingDataProvider" name="postingDataprovider" time="0.014"/>
  <system-out/>
  <testcase classname="APITesting.G_PostingUsingDataProvider" name="postingDataprovider" time="0.010"/>
  <system-out/>
  <testcase classname="APITesting.G_PostingUsingDataProvider" name="postingDataprovider" time="0.024"/>
  <system-out/>
  <testcase classname="APITesting.G_PostingUsingDataProvider" name="postingDataprovider" time="0.010"/>
  <system-out/>
  <testcase classname="APITesting.G_PostingUsingDataProvider" name="postingDataprovider" time="0.009"/>
  <system-out/>
  <testcase classname="APITesting.G_PostingUsingDataProvider" name="postingDataprovider" time="0.012"/>
  <system-out/>
  <testcase classname="APITesting.G_PostingUsingDataProvider" name="postingDataprovider" time="0.011"/>
  <system-out/>
  <testcase classname="APITesting.G_PostingUsingDataProvider" name="postingDataprovider" time="0.012"/>
  <system-out/>
  <testcase classname="APITesting.G_PostingUsingDataProvider" name="postingDataprovider" time="0.013"/>
  <system-out/>
  <testcase classname="APITesting.G_PostingUsingDataProvider" name="postingDataprovider" time="0.012"/>
  <system-out/>
  <testcase classname="APITesting.G_PostingUsingDataProvider" name="postingDataprovider" time="0.012"/>
  <system-out/>
  <testcase classname="APITesting.G_PostingUsingDataProvider" name="postingDataprovider" time="0.013"/>
  <system-out/>
  <testcase classname="APITesting.G_PostingUsingDataProvider" name="postingDataprovider" time="0.012"/>
  <system-out/>
  <testcase classname="APITesting.G_PostingUsingDataProvider" name="postingDataprovider" time="0.011"/>
  <system-out/>
  <testcase classname="APITesting.G_PostingUsingDataProvider" name="postingDataprovider" time="0.010"/>
  <system-out/>
  <testcase classname="APITesting.G_PostingUsingDataProvider" name="postingDataprovider" time="0.026"/>
  <system-out/>
  <testcase classname="APITesting.G_PostingUsingDataProvider" name="postingDataprovider" time="0.014"/>
  <system-out/>
  <testcase classname="APITesting.G_PostingUsingDataProvider" name="postingDataprovider" time="0.014"/>
  <system-out/>
  <testcase classname="APITesting.G_PostingUsingDataProvider" name="postingDataprovider" time="0.018"/>
  <system-out/>
  <testcase classname="APITesting.G_PostingUsingDataProvider" name="postingDataprovider" time="0.011"/>
  <system-out/>
  <testcase classname="APITesting.G_PostingUsingDataProvider" name="postingDataprovider" time="0.013"/>
  <system-out/>
  <testcase classname="APITesting.G_PostingUsingDataProvider" name="postingDataprovider" time="0.011"/>
  <system-out/>
  <testcase classname="APITesting.G_PostingUsingDataProvider" name="postingDataprovider" time="0.011"/>
  <system-out/>
  <testcase classname="APITesting.G_PostingUsingDataProvider" name="postingDataprovider" time="0.022"/>
  <system-out/>
  <testcase classname="APITesting.G_PostingUsingDataProvider" name="postingDataprovider" time="0.012"/>
  <system-out/>
  <testcase classname="APITesting.G_PostingUsingDataProvider" name="postingDataprovider" time="0.017"/>
  <system-out/>
  <testcase classname="APITesting.G_PostingUsingDataProvider" name="postingDataprovider" time="0.010"/>
  <system-out/>
  <testcase classname="APITesting.G_PostingUsingDataProvider" name="postingDataprovider" time="0.012"/>
  <system-out/>
  <testcase classname="APITesting.G_PostingUsingDataProvider" name="postingDataprovider" time="0.010"/>
  <system-out/>
  <testcase classname="APITesting.G_PostingUsingDataProvider" name="postingDataprovider" time="0.014"/>
  <system-out/>
  <testcase classname="APITesting.G_PostingUsingDataProvider" name="postingDataprovider" time="0.013"/>
  <system-out/>
  <testcase classname="APITesting.G_PostingUsingDataProvider" name="postingDataprovider" time="0.016"/>
  <system-out/>
  <testcase classname="APITesting.G_PostingUsingDataProvider" name="postingDataprovider" time="0.008"/>
  <system-out/>
  <testcase classname="APITesting.G_PostingUsingDataProvider" name="postingDataprovider" time="0.014"/>
  <system-out/>
  <testcase classname="APITesting.G_PostingUsingDataProvider" name="postingDataprovider" time="0.021"/>
  <system-out/>
  <testcase classname="APITesting.G_PostingUsingDataProvider" name="postingDataprovider" time="0.010"/>
  <system-out/>
  <testcase classname="APITesting.G_PostingUsingDataProvider" name="postingDataprovider" time="0.010"/>
  <system-out/>
  <testcase classname="APITesting.G_PostingUsingDataProvider" name="postingDataprovider" time="0.009"/>
  <system-out/>
  <testcase classname="APITesting.G_PostingUsingDataProvider" name="postingDataprovider" time="0.011"/>
  <system-out/>
  <testcase classname="APITesting.G_PostingUsingDataProvider" name="postingDataprovider" time="0.011"/>
  <system-out/>
  <testcase classname="APITesting.G_PostingUsingDataProvider" name="postingDataprovider" time="0.009"/>
  <system-out/>
  <testcase classname="APITesting.G_PostingUsingDataProvider" name="postingDataprovider" time="0.012"/>
  <system-out/>
  <testcase classname="APITesting.G_PostingUsingDataProvider" name="postingDataprovider" time="0.011"/>
  <system-out/>
  <testcase classname="APITesting.G_PostingUsingDataProvider" name="postingDataprovider" time="0.012"/>
  <system-out/>
  <testcase classname="APITesting.G_PostingUsingDataProvider" name="postingDataprovider" time="0.013"/>
  <system-out/>
  <testcase classname="APITesting.G_PostingUsingDataProvider" name="postingDataprovider" time="0.012"/>
  <system-out/>
  <testcase classname="APITesting.G_PostingUsingDataProvider" name="postingDataprovider" time="0.009"/>
  <system-out/>
  <testcase classname="APITesting.G_PostingUsingDataProvider" name="postingDataprovider" time="0.009"/>
  <system-out/>
  <testcase classname="APITesting.G_PostingUsingDataProvider" name="postingDataprovider" time="0.007"/>
  <system-out/>
  <testcase classname="APITesting.G_PostingUsingDataProvider" name="postingDataprovider" time="0.009"/>
  <system-out/>
  <testcase classname="APITesting.G_PostingUsingDataProvider" name="postingDataprovider" time="0.012"/>
  <system-out/>
  <testcase classname="APITesting.G_PostingUsingDataProvider" name="postingDataprovider" time="0.017"/>
  <system-out/>
  <testcase classname="APITesting.G_PostingUsingDataProvider" name="postingDataprovider" time="0.013"/>
  <system-out/>
  <testcase classname="APITesting.G_PostingUsingDataProvider" name="postingDataprovider" time="0.013"/>
  <system-out/>
  <testcase classname="APITesting.G_PostingUsingDataProvider" name="postingDataprovider" time="0.011"/>
  <system-out/>
  <testcase classname="APITesting.G_PostingUsingDataProvider" name="postingDataprovider" time="0.010"/>
  <system-out/>
  <testcase classname="APITesting.G_PostingUsingDataProvider" name="postingDataprovider" time="0.012"/>
  <system-out/>
  <testcase classname="APITesting.G_PostingUsingDataProvider" name="postingDataprovider" time="0.012"/>
  <system-out/>
  <testcase classname="APITesting.G_PostingUsingDataProvider" name="postingDataprovider" time="0.011"/>
  <system-out/>
  <testcase classname="APITesting.G_PostingUsingDataProvider" name="postingDataprovider" time="0.009"/>
  <system-out/>
  <testcase classname="APITesting.G_PostingUsingDataProvider" name="postingDataprovider" time="0.011"/>
  <system-out/>
  <testcase classname="APITesting.G_PostingUsingDataProvider" name="postingDataprovider" time="0.019"/>
  <system-out/>
  <testcase classname="APITesting.G_PostingUsingDataProvider" name="postingDataprovider" time="0.017"/>
  <system-out/>
  <testcase classname="APITesting.G_PostingUsingDataProvider" name="postingDataprovider" time="0.014"/>
  <system-out/>
  <testcase classname="APITesting.G_PostingUsingDataProvider" name="postingDataprovider" time="0.015"/>
  <system-out/>
  <testcase classname="APITesting.G_PostingUsingDataProvider" name="postingDataprovider" time="0.010"/>
  <system-out/>
  <testcase classname="APITesting.G_PostingUsingDataProvider" name="postingDataprovider" time="0.008"/>
  <system-out/>
  <testcase classname="APITesting.G_PostingUsingDataProvider" name="postingDataprovider" time="0.010"/>
  <system-out/>
  <testcase classname="APITesting.G_PostingUsingDataProvider" name="postingDataprovider" time="0.011"/>
  <system-out/>
  <testcase classname="APITesting.G_PostingUsingDataProvider" name="postingDataprovider" time="0.016"/>
  <system-out/>
  <testcase classname="APITesting.G_PostingUsingDataProvider" name="postingDataprovider" time="0.009"/>
  <system-out/>
</testsuite> <!-- APITesting.G_PostingUsingDataProvider -->
